[32m2020-07-10 07:39:38.450[0m | [31m[1mERROR   [0m | [36m__main__[0m:[36mrewardfun[0m:[36m305[0m - [31m[1mè·å–å›é¦ˆæ•°æ®å¼‚å¸¸[0m
[33m[1mTraceback (most recent call last):[0m

  File "[32m/usr/local/lib64/python3.6/site-packages/sqlalchemy/engine/[0m[32m[1mbase.py[0m", line [33m1278[0m, in [35m_execute_context[0m
    [1mcursor[0m[1m,[0m [1mstatement[0m[1m,[0m [1mparameters[0m[1m,[0m [1mcontext[0m
    [36mâ”‚       â”‚          â”‚           â”” [0m[36m[1m<sqlalchemy.dialects.mysql.mysqldb.MySQLExecutionContext_mysqldb object at 0x7fa14c79ee10>[0m
    [36mâ”‚       â”‚          â”” [0m[36m[1m{'email_1': 'yang756260386@gmail.com', 'date_1': '200601', 'date_2': '200602', 'date_3': '200603', 'date_4': '200604', 'date_...[0m
    [36mâ”‚       â”” [0m[36m[1m'SELECT accounting.id AS accounting_id, accounting.direction AS accounting_direction, accounting.record AS accounting_record,...[0m
    [36mâ”” [0m[36m[1m<pymysql.cursors.Cursor object at 0x7fa14c79ee48>[0m

  File "[32m/usr/local/lib64/python3.6/site-packages/sqlalchemy/engine/[0m[32m[1mdefault.py[0m", line [33m593[0m, in [35mdo_execute[0m
    [1mcursor[0m[35m[1m.[0m[1mexecute[0m[1m([0m[1mstatement[0m[1m,[0m [1mparameters[0m[1m)[0m
    [36mâ”‚      â”‚       â”‚          â”” [0m[36m[1m{'email_1': 'yang756260386@gmail.com', 'date_1': '200601', 'date_2': '200602', 'date_3': '200603', 'date_4': '200604', 'date_...[0m
    [36mâ”‚      â”‚       â”” [0m[36m[1m'SELECT accounting.id AS accounting_id, accounting.direction AS accounting_direction, accounting.record AS accounting_record,...[0m
    [36mâ”‚      â”” [0m[36m[1m<function Cursor.execute at 0x7fa14e394e18>[0m
    [36mâ”” [0m[36m[1m<pymysql.cursors.Cursor object at 0x7fa14c79ee48>[0m

  File "[32m/usr/local/lib64/python3.6/site-packages/pymysql/[0m[32m[1mcursors.py[0m", line [33m170[0m, in [35mexecute[0m
    [1mresult[0m [35m[1m=[0m [1mself[0m[35m[1m.[0m[1m_query[0m[1m([0m[1mquery[0m[1m)[0m
    [36m         â”‚    â”‚      â”” [0m[36m[1m"SELECT accounting.id AS accounting_id, accounting.direction AS accounting_direction, accounting.record AS accounting_record,...[0m
    [36m         â”‚    â”” [0m[36m[1m<function Cursor._query at 0x7fa14e3a32f0>[0m
    [36m         â”” [0m[36m[1m<pymysql.cursors.Cursor object at 0x7fa14c79ee48>[0m

  File "[32m/usr/local/lib64/python3.6/site-packages/pymysql/[0m[32m[1mcursors.py[0m", line [33m328[0m, in [35m_query[0m
    [1mconn[0m[35m[1m.[0m[1mquery[0m[1m([0m[1mq[0m[1m)[0m
    [36mâ”‚    â”‚     â”” [0m[36m[1m"SELECT accounting.id AS accounting_id, accounting.direction AS accounting_direction, accounting.record AS accounting_record,...[0m
    [36mâ”‚    â”” [0m[36m[1m<function Connection.query at 0x7fa14e3b9620>[0m
    [36mâ”” [0m[36m[1m<pymysql.connections.Connection object at 0x7fa14409beb8>[0m

  File "[32m/usr/local/lib64/python3.6/site-packages/pymysql/[0m[32m[1mconnections.py[0m", line [33m517[0m, in [35mquery[0m
    [1mself[0m[35m[1m.[0m[1m_affected_rows[0m [35m[1m=[0m [1mself[0m[35m[1m.[0m[1m_read_query_result[0m[1m([0m[1munbuffered[0m[35m[1m=[0m[1munbuffered[0m[1m)[0m
    [36mâ”‚    â”‚                â”‚    â”‚                             â”” [0m[36m[1mFalse[0m
    [36mâ”‚    â”‚                â”‚    â”” [0m[36m[1m<function Connection._read_query_result at 0x7fa14e3b9bf8>[0m
    [36mâ”‚    â”‚                â”” [0m[36m[1m<pymysql.connections.Connection object at 0x7fa14409beb8>[0m
    [36mâ”‚    â”” [0m[36m[1m184[0m
    [36mâ”” [0m[36m[1m<pymysql.connections.Connection object at 0x7fa14409beb8>[0m

  File "[32m/usr/local/lib64/python3.6/site-packages/pymysql/[0m[32m[1mconnections.py[0m", line [33m732[0m, in [35m_read_query_result[0m
    [1mresult[0m[35m[1m.[0m[1mread[0m[1m([0m[1m)[0m
    [36mâ”‚      â”” [0m[36m[1m<function MySQLResult.read at 0x7fa14e3ba400>[0m
    [36mâ”” [0m[36m[1m<pymysql.connections.MySQLResult object at 0x7fa14c79e6d8>[0m

  File "[32m/usr/local/lib64/python3.6/site-packages/pymysql/[0m[32m[1mconnections.py[0m", line [33m1075[0m, in [35mread[0m
    [1mfirst_packet[0m [35m[1m=[0m [1mself[0m[35m[1m.[0m[1mconnection[0m[35m[1m.[0m[1m_read_packet[0m[1m([0m[1m)[0m
    [36m               â”‚    â”” [0m[36m[1mNone[0m
    [36m               â”” [0m[36m[1m<pymysql.connections.MySQLResult object at 0x7fa14c79e6d8>[0m

  File "[32m/usr/local/lib64/python3.6/site-packages/pymysql/[0m[32m[1mconnections.py[0m", line [33m657[0m, in [35m_read_packet[0m
    [1mpacket_header[0m [35m[1m=[0m [1mself[0m[35m[1m.[0m[1m_read_bytes[0m[1m([0m[34m[1m4[0m[1m)[0m
    [36m                â”‚    â”” [0m[36m[1m<function Connection._read_bytes at 0x7fa14e3b9ae8>[0m
    [36m                â”” [0m[36m[1m<pymysql.connections.Connection object at 0x7fa14409beb8>[0m

  File "[32m/usr/local/lib64/python3.6/site-packages/pymysql/[0m[32m[1mconnections.py[0m", line [33m707[0m, in [35m_read_bytes[0m
    [1mCR[0m[35m[1m.[0m[1mCR_SERVER_LOST[0m[1m,[0m [36m"Lost connection to MySQL server during query"[0m[1m)[0m
    [36mâ”‚  â”” [0m[36m[1m2013[0m
    [36mâ”” [0m[36m[1m<module 'pymysql.constants.CR' from '/usr/local/lib64/python3.6/site-packages/pymysql/constants/CR.py'>[0m

[31m[1mpymysql.err.OperationalError[0m:[1m (2013, 'Lost connection to MySQL server during query')[0m


[1mThe above exception was the direct cause of the following exception:[0m


[33m[1mTraceback (most recent call last):[0m

  File "/usr/lib64/python3.6/threading.py", line 884, in _bootstrap
    self._bootstrap_inner()
    â”‚    â”” <function Thread._bootstrap_inner at 0x7fa159b487b8>
    â”” <Thread(Thread-105, started daemon 140330674419456)>
  File "/usr/lib64/python3.6/threading.py", line 916, in _bootstrap_inner
    self.run()
    â”‚    â”” <function Thread.run at 0x7fa159b48598>
    â”” <Thread(Thread-105, started daemon 140330674419456)>
  File "/usr/lib64/python3.6/threading.py", line 864, in run
    self._target(*self._args, **self._kwargs)
    â”‚    â”‚        â”‚    â”‚        â”‚    â”” {}
    â”‚    â”‚        â”‚    â”‚        â”” <Thread(Thread-105, started daemon 140330674419456)>
    â”‚    â”‚        â”‚    â”” (<socket.socket fd=4, family=AddressFamily.AF_INET, type=SocketKind.SOCK_STREAM, proto=0, laddr=('127.0.0.1', 6000), raddr=('...
    â”‚    â”‚        â”” <Thread(Thread-105, started daemon 140330674419456)>
    â”‚    â”” <bound method ThreadingMixIn.process_request_thread of <werkzeug.serving.ThreadedWSGIServer object at 0x7fa14e071828>>
    â”” <Thread(Thread-105, started daemon 140330674419456)>
  File "/usr/lib64/python3.6/socketserver.py", line 654, in process_request_thread
    self.finish_request(request, client_address)
    â”‚    â”‚              â”‚        â”” ('127.0.0.1', 55612)
    â”‚    â”‚              â”” <socket.socket fd=4, family=AddressFamily.AF_INET, type=SocketKind.SOCK_STREAM, proto=0, laddr=('127.0.0.1', 6000), raddr=('1...
    â”‚    â”” <function BaseServer.finish_request at 0x7fa150552950>
    â”” <werkzeug.serving.ThreadedWSGIServer object at 0x7fa14e071828>
  File "/usr/lib64/python3.6/socketserver.py", line 364, in finish_request
    self.RequestHandlerClass(request, client_address, self)
    â”‚    â”‚                   â”‚        â”‚               â”” <werkzeug.serving.ThreadedWSGIServer object at 0x7fa14e071828>
    â”‚    â”‚                   â”‚        â”” ('127.0.0.1', 55612)
    â”‚    â”‚                   â”” <socket.socket fd=4, family=AddressFamily.AF_INET, type=SocketKind.SOCK_STREAM, proto=0, laddr=('127.0.0.1', 6000), raddr=('1...
    â”‚    â”” <class 'werkzeug.serving.WSGIRequestHandler'>
    â”” <werkzeug.serving.ThreadedWSGIServer object at 0x7fa14e071828>
  File "/usr/lib64/python3.6/socketserver.py", line 724, in __init__
    self.handle()
    â”‚    â”” <function WSGIRequestHandler.handle at 0x7fa1501c66a8>
    â”” <werkzeug.serving.WSGIRequestHandler object at 0x7fa144172320>

  File "[32m/usr/local/lib/python3.6/site-packages/werkzeug/[0m[32m[1mserving.py[0m", line [33m345[0m, in [35mhandle[0m
    [1mBaseHTTPRequestHandler[0m[35m[1m.[0m[1mhandle[0m[1m([0m[1mself[0m[1m)[0m
    [36mâ”‚                      â”‚      â”” [0m[36m[1m<werkzeug.serving.WSGIRequestHandler object at 0x7fa144172320>[0m
    [36mâ”‚                      â”” [0m[36m[1m<function BaseHTTPRequestHandler.handle at 0x7fa1502ab2f0>[0m
    [36mâ”” [0m[36m[1m<class 'http.server.BaseHTTPRequestHandler'>[0m

  File "/usr/lib64/python3.6/http/server.py", line 418, in handle
    self.handle_one_request()
    â”‚    â”” <function WSGIRequestHandler.handle_one_request at 0x7fa1501c6840>
    â”” <werkzeug.serving.WSGIRequestHandler object at 0x7fa144172320>

  File "[32m/usr/local/lib/python3.6/site-packages/werkzeug/[0m[32m[1mserving.py[0m", line [33m379[0m, in [35mhandle_one_request[0m
    [35m[1mreturn[0m [1mself[0m[35m[1m.[0m[1mrun_wsgi[0m[1m([0m[1m)[0m
    [36m       â”‚    â”” [0m[36m[1m<function WSGIRequestHandler.run_wsgi at 0x7fa1501c6620>[0m
    [36m       â”” [0m[36m[1m<werkzeug.serving.WSGIRequestHandler object at 0x7fa144172320>[0m

  File "[32m/usr/local/lib/python3.6/site-packages/werkzeug/[0m[32m[1mserving.py[0m", line [33m323[0m, in [35mrun_wsgi[0m
    [1mexecute[0m[1m([0m[1mself[0m[35m[1m.[0m[1mserver[0m[35m[1m.[0m[1mapp[0m[1m)[0m
    [36mâ”‚       â”‚    â”‚      â”” [0m[36m[1m<werkzeug.debug.DebuggedApplication object at 0x7fa14e09bac8>[0m
    [36mâ”‚       â”‚    â”” [0m[36m[1m<werkzeug.serving.ThreadedWSGIServer object at 0x7fa14e071828>[0m
    [36mâ”‚       â”” [0m[36m[1m<werkzeug.serving.WSGIRequestHandler object at 0x7fa144172320>[0m
    [36mâ”” [0m[36m[1m<function WSGIRequestHandler.run_wsgi.<locals>.execute at 0x7fa14c781ae8>[0m

  File "[32m/usr/local/lib/python3.6/site-packages/werkzeug/[0m[32m[1mserving.py[0m", line [33m314[0m, in [35mexecute[0m
    [35m[1mfor[0m [1mdata[0m [35m[1min[0m [1mapplication_iter[0m[1m:[0m
    [36m            â”” [0m[36m[1m<generator object DebuggedApplication.debug_application at 0x7fa14e06df68>[0m

  File "[32m/usr/local/lib/python3.6/site-packages/werkzeug/debug/[0m[32m[1m__init__.py[0m", line [33m304[0m, in [35mdebug_application[0m
    [1mapp_iter[0m [35m[1m=[0m [1mself[0m[35m[1m.[0m[1mapp[0m[1m([0m[1menviron[0m[1m,[0m [1mstart_response[0m[1m)[0m
    [36m           â”‚    â”‚   â”‚        â”” [0m[36m[1m<function WSGIRequestHandler.run_wsgi.<locals>.start_response at 0x7fa14c72dea0>[0m
    [36m           â”‚    â”‚   â”” [0m[36m[1m{'wsgi.version': (1, 0), 'wsgi.url_scheme': 'http', 'wsgi.input': <_io.BufferedReader name=4>, 'wsgi.errors': <_io.TextIOWrap...[0m
    [36m           â”‚    â”” [0m[36m[1m<Flask 'fees'>[0m
    [36m           â”” [0m[36m[1m<werkzeug.debug.DebuggedApplication object at 0x7fa14e09bac8>[0m

  File "[32m/usr/local/lib64/python3.6/site-packages/flask/[0m[32m[1mapp.py[0m", line [33m2464[0m, in [35m__call__[0m
    [35m[1mreturn[0m [1mself[0m[35m[1m.[0m[1mwsgi_app[0m[1m([0m[1menviron[0m[1m,[0m [1mstart_response[0m[1m)[0m
    [36m       â”‚    â”‚        â”‚        â”” [0m[36m[1m<function WSGIRequestHandler.run_wsgi.<locals>.start_response at 0x7fa14c72dea0>[0m
    [36m       â”‚    â”‚        â”” [0m[36m[1m{'wsgi.version': (1, 0), 'wsgi.url_scheme': 'http', 'wsgi.input': <_io.BufferedReader name=4>, 'wsgi.errors': <_io.TextIOWrap...[0m
    [36m       â”‚    â”” [0m[36m[1m<function Flask.wsgi_app at 0x7fa14f9b4378>[0m
    [36m       â”” [0m[36m[1m<Flask 'fees'>[0m

  File "[32m/usr/local/lib64/python3.6/site-packages/flask/[0m[32m[1mapp.py[0m", line [33m2447[0m, in [35mwsgi_app[0m
    [1mresponse[0m [35m[1m=[0m [1mself[0m[35m[1m.[0m[1mfull_dispatch_request[0m[1m([0m[1m)[0m
    [36m           â”‚    â”” [0m[36m[1m<function Flask.full_dispatch_request at 0x7fa14f9b2a60>[0m
    [36m           â”” [0m[36m[1m<Flask 'fees'>[0m

  File "[32m/usr/local/lib64/python3.6/site-packages/flask/[0m[32m[1mapp.py[0m", line [33m1950[0m, in [35mfull_dispatch_request[0m
    [1mrv[0m [35m[1m=[0m [1mself[0m[35m[1m.[0m[1mdispatch_request[0m[1m([0m[1m)[0m
    [36m     â”‚    â”” [0m[36m[1m<function Flask.dispatch_request at 0x7fa14f9b29d8>[0m
    [36m     â”” [0m[36m[1m<Flask 'fees'>[0m

  File "[32m/usr/local/lib64/python3.6/site-packages/flask/[0m[32m[1mapp.py[0m", line [33m1936[0m, in [35mdispatch_request[0m
    [35m[1mreturn[0m [1mself[0m[35m[1m.[0m[1mview_functions[0m[1m[[0m[1mrule[0m[35m[1m.[0m[1mendpoint[0m[1m][0m[1m([0m[35m[1m**[0m[1mreq[0m[35m[1m.[0m[1mview_args[0m[1m)[0m
    [36m       â”‚    â”‚              â”‚    â”‚           â”‚   â”” [0m[36m[1m{}[0m
    [36m       â”‚    â”‚              â”‚    â”‚           â”” [0m[36m[1m<Request 'http://127.0.0.1:6000/finance/getrewardleft' [GET]>[0m
    [36m       â”‚    â”‚              â”‚    â”” [0m[36m[1m'rewardfun'[0m
    [36m       â”‚    â”‚              â”” [0m[36m[1m<Rule '/finance/getrewardleft' (GET, PUT, HEAD, POST, OPTIONS) -> rewardfun>[0m
    [36m       â”‚    â”” [0m[36m[1m{'static': <bound method _PackageBoundObject.send_static_file of <Flask 'fees'>>, 'hello_world': <function hello_world at 0x7...[0m
    [36m       â”” [0m[36m[1m<Flask 'fees'>[0m

> File "[32m/root/yangming/gtdgolangserver/src/github.com/gtdgolangserver/models/finance/[0m[32m[1mfees.py[0m", line [33m301[0m, in [35mrewardfun[0m
    [1mfinance[0m [35m[1m=[0m [1mrewardorpunishment[0m[1m([0m[1m)[0m
    [36m          â”” [0m[36m[1m<function rewardorpunishment at 0x7fa14e13d6a8>[0m

  File "[32m/root/yangming/gtdgolangserver/src/github.com/gtdgolangserver/models/finance/[0m[32m[1mfees.py[0m", line [33m169[0m, in [35mrewardorpunishment[0m
    [1mall[0m [35m[1m=[0m [1msession[0m[35m[1m.[0m[1mquery[0m[1m([0m[1mAccounting[0m[1m)[0m[35m[1m.[0m[1mfilter[0m[1m([0m[1mAccounting[0m[35m[1m.[0m[1memail[0m [35m[1m==[0m [1memail[0m[1m)[0m[35m[1m.[0m[1mfilter[0m[1m([0m[1mAccounting[0m[35m[1m.[0m[1mdate[0m[35m[1m.[0m[1min_[0m[1m([0m[1mdate[0m[1m)[0m[1m)[0m[35m[1m.[0m[1mall[0m[1m([0m[1m)[0m
    [36m      â”‚       â”‚     â”‚                  â”‚          â”‚        â”‚             â”‚          â”‚    â”‚   â”” [0m[36m[1m['200601', '200602', '200603', '200604', '200605', '200606', '200607', '200608', '200609', '200610', '200611', '200612', '200...[0m
    [36m      â”‚       â”‚     â”‚                  â”‚          â”‚        â”‚             â”‚          â”‚    â”” [0m[36m[1m<function ColumnOperators.in_ at 0x7fa14f849840>[0m
    [36m      â”‚       â”‚     â”‚                  â”‚          â”‚        â”‚             â”‚          â”” [0m[36m[1m<sqlalchemy.orm.attributes.InstrumentedAttribute object at 0x7fa14e130bf8>[0m
    [36m      â”‚       â”‚     â”‚                  â”‚          â”‚        â”‚             â”” [0m[36m[1m<class '__main__.Accounting'>[0m
    [36m      â”‚       â”‚     â”‚                  â”‚          â”‚        â”” [0m[36m[1m'yang756260386@gmail.com'[0m
    [36m      â”‚       â”‚     â”‚                  â”‚          â”” [0m[36m[1m<sqlalchemy.orm.attributes.InstrumentedAttribute object at 0x7fa14e130ba0>[0m
    [36m      â”‚       â”‚     â”‚                  â”” [0m[36m[1m<class '__main__.Accounting'>[0m
    [36m      â”‚       â”‚     â”” [0m[36m[1m<class '__main__.Accounting'>[0m
    [36m      â”‚       â”” [0m[36m[1m<function Session.query at 0x7fa14ee0e7b8>[0m
    [36m      â”” [0m[36m[1m<sqlalchemy.orm.session.Session object at 0x7fa14c750978>[0m

  File "[32m/usr/local/lib64/python3.6/site-packages/sqlalchemy/orm/[0m[32m[1mquery.py[0m", line [33m3341[0m, in [35mall[0m
    [35m[1mreturn[0m [1mlist[0m[1m([0m[1mself[0m[1m)[0m
    [36m            â”” [0m[36m[1m<sqlalchemy.orm.query.Query object at 0x7fa14c79efd0>[0m

  File "[32m/usr/local/lib64/python3.6/site-packages/sqlalchemy/orm/[0m[32m[1mquery.py[0m", line [33m3503[0m, in [35m__iter__[0m
    [35m[1mreturn[0m [1mself[0m[35m[1m.[0m[1m_execute_and_instances[0m[1m([0m[1mcontext[0m[1m)[0m
    [36m       â”‚    â”‚                      â”” [0m[36m[1m<sqlalchemy.orm.query.QueryContext object at 0x7fa14427c150>[0m
    [36m       â”‚    â”” [0m[36m[1m<function Query._execute_and_instances at 0x7fa155159840>[0m
    [36m       â”” [0m[36m[1m<sqlalchemy.orm.query.Query object at 0x7fa14c79efd0>[0m

  File "[32m/usr/local/lib64/python3.6/site-packages/sqlalchemy/orm/[0m[32m[1mquery.py[0m", line [33m3528[0m, in [35m_execute_and_instances[0m
    [1mresult[0m [35m[1m=[0m [1mconn[0m[35m[1m.[0m[1mexecute[0m[1m([0m[1mquerycontext[0m[35m[1m.[0m[1mstatement[0m[1m,[0m [1mself[0m[35m[1m.[0m[1m_params[0m[1m)[0m
    [36m         â”‚    â”‚       â”‚            â”‚          â”‚    â”” [0m[36m[1mimmutabledict({})[0m
    [36m         â”‚    â”‚       â”‚            â”‚          â”” [0m[36m[1m<sqlalchemy.orm.query.Query object at 0x7fa14c79efd0>[0m
    [36m         â”‚    â”‚       â”‚            â”” [0m[36m[1m<member 'statement' of 'QueryContext' objects>[0m
    [36m         â”‚    â”‚       â”” [0m[36m[1m<sqlalchemy.orm.query.QueryContext object at 0x7fa14427c150>[0m
    [36m         â”‚    â”” [0m[36m[1m<function Connection.execute at 0x7fa14f4122f0>[0m
    [36m         â”” [0m[36m[1m<sqlalchemy.engine.base.Connection object at 0x7fa14c79e2b0>[0m

  File "[32m/usr/local/lib64/python3.6/site-packages/sqlalchemy/engine/[0m[32m[1mbase.py[0m", line [33m1014[0m, in [35mexecute[0m
    [35m[1mreturn[0m [1mmeth[0m[1m([0m[1mself[0m[1m,[0m [1mmultiparams[0m[1m,[0m [1mparams[0m[1m)[0m
    [36m       â”‚    â”‚     â”‚            â”” [0m[36m[1m{}[0m
    [36m       â”‚    â”‚     â”” [0m[36m[1m(immutabledict({}),)[0m
    [36m       â”‚    â”” [0m[36m[1m<sqlalchemy.engine.base.Connection object at 0x7fa14c79e2b0>[0m
    [36m       â”” [0m[36m[1m<bound method ClauseElement._execute_on_connection of <sqlalchemy.sql.selectable.Select at 0x7fa14416eb70; Select object>>[0m

  File "[32m/usr/local/lib64/python3.6/site-packages/sqlalchemy/sql/[0m[32m[1melements.py[0m", line [33m298[0m, in [35m_execute_on_connection[0m
    [35m[1mreturn[0m [1mconnection[0m[35m[1m.[0m[1m_execute_clauseelement[0m[1m([0m[1mself[0m[1m,[0m [1mmultiparams[0m[1m,[0m [1mparams[0m[1m)[0m
    [36m       â”‚          â”‚                      â”‚     â”‚            â”” [0m[36m[1m{}[0m
    [36m       â”‚          â”‚                      â”‚     â”” [0m[36m[1m(immutabledict({}),)[0m
    [36m       â”‚          â”‚                      â”” [0m[36m[1m<sqlalchemy.sql.selectable.Select at 0x7fa14416eb70; Select object>[0m
    [36m       â”‚          â”” [0m[36m[1m<function Connection._execute_clauseelement at 0x7fa14f412510>[0m
    [36m       â”” [0m[36m[1m<sqlalchemy.engine.base.Connection object at 0x7fa14c79e2b0>[0m

  File "[32m/usr/local/lib64/python3.6/site-packages/sqlalchemy/engine/[0m[32m[1mbase.py[0m", line [33m1133[0m, in [35m_execute_clauseelement[0m
    [1mdistilled_params[0m[1m,[0m
    [36mâ”” [0m[36m[1m[immutabledict({})][0m

  File "[32m/usr/local/lib64/python3.6/site-packages/sqlalchemy/engine/[0m[32m[1mbase.py[0m", line [33m1318[0m, in [35m_execute_context[0m
    [1me[0m[1m,[0m [1mstatement[0m[1m,[0m [1mparameters[0m[1m,[0m [1mcursor[0m[1m,[0m [1mcontext[0m
    [36m   â”‚          â”‚           â”‚       â”” [0m[36m[1m<sqlalchemy.dialects.mysql.mysqldb.MySQLExecutionContext_mysqldb object at 0x7fa14c79ee10>[0m
    [36m   â”‚          â”‚           â”” [0m[36m[1m<pymysql.cursors.Cursor object at 0x7fa14c79ee48>[0m
    [36m   â”‚          â”” [0m[36m[1m{'email_1': 'yang756260386@gmail.com', 'date_1': '200601', 'date_2': '200602', 'date_3': '200603', 'date_4': '200604', 'date_...[0m
    [36m   â”” [0m[36m[1m'SELECT accounting.id AS accounting_id, accounting.direction AS accounting_direction, accounting.record AS accounting_record,...[0m

  File "[32m/usr/local/lib64/python3.6/site-packages/sqlalchemy/engine/[0m[32m[1mbase.py[0m", line [33m1512[0m, in [35m_handle_dbapi_exception[0m
    [1msqlalchemy_exception[0m[1m,[0m [1mwith_traceback[0m[35m[1m=[0m[1mexc_info[0m[1m[[0m[34m[1m2[0m[1m][0m[1m,[0m [1mfrom_[0m[35m[1m=[0m[1me[0m
    [36mâ”‚                                    â”‚                  â”” [0m[36m[1mOperationalError(2013, 'Lost connection to MySQL server during query')[0m
    [36mâ”‚                                    â”” [0m[36m[1m(<class 'pymysql.err.OperationalError'>, OperationalError(2013, 'Lost connection to MySQL server during query'), <traceback o...[0m
    [36mâ”” [0m[36m[1mOperationalError("(pymysql.err.OperationalError) (2013, 'Lost connection to MySQL server during query')",)[0m

  File "[32m/usr/local/lib64/python3.6/site-packages/sqlalchemy/util/[0m[32m[1mcompat.py[0m", line [33m178[0m, in [35mraise_[0m
    [35m[1mraise[0m [1mexception[0m

  File "[32m/usr/local/lib64/python3.6/site-packages/sqlalchemy/engine/[0m[32m[1mbase.py[0m", line [33m1278[0m, in [35m_execute_context[0m
    [1mcursor[0m[1m,[0m [1mstatement[0m[1m,[0m [1mparameters[0m[1m,[0m [1mcontext[0m
    [36mâ”‚       â”‚          â”‚           â”” [0m[36m[1m<sqlalchemy.dialects.mysql.mysqldb.MySQLExecutionContext_mysqldb object at 0x7fa14c79ee10>[0m
    [36mâ”‚       â”‚          â”” [0m[36m[1m{'email_1': 'yang756260386@gmail.com', 'date_1': '200601', 'date_2': '200602', 'date_3': '200603', 'date_4': '200604', 'date_...[0m
    [36mâ”‚       â”” [0m[36m[1m'SELECT accounting.id AS accounting_id, accounting.direction AS accounting_direction, accounting.record AS accounting_record,...[0m
    [36mâ”” [0m[36m[1m<pymysql.cursors.Cursor object at 0x7fa14c79ee48>[0m

  File "[32m/usr/local/lib64/python3.6/site-packages/sqlalchemy/engine/[0m[32m[1mdefault.py[0m", line [33m593[0m, in [35mdo_execute[0m
    [1mcursor[0m[35m[1m.[0m[1mexecute[0m[1m([0m[1mstatement[0m[1m,[0m [1mparameters[0m[1m)[0m
    [36mâ”‚      â”‚       â”‚          â”” [0m[36m[1m{'email_1': 'yang756260386@gmail.com', 'date_1': '200601', 'date_2': '200602', 'date_3': '200603', 'date_4': '200604', 'date_...[0m
    [36mâ”‚      â”‚       â”” [0m[36m[1m'SELECT accounting.id AS accounting_id, accounting.direction AS accounting_direction, accounting.record AS accounting_record,...[0m
    [36mâ”‚      â”” [0m[36m[1m<function Cursor.execute at 0x7fa14e394e18>[0m
    [36mâ”” [0m[36m[1m<pymysql.cursors.Cursor object at 0x7fa14c79ee48>[0m

  File "[32m/usr/local/lib64/python3.6/site-packages/pymysql/[0m[32m[1mcursors.py[0m", line [33m170[0m, in [35mexecute[0m
    [1mresult[0m [35m[1m=[0m [1mself[0m[35m[1m.[0m[1m_query[0m[1m([0m[1mquery[0m[1m)[0m
    [36m         â”‚    â”‚      â”” [0m[36m[1m"SELECT accounting.id AS accounting_id, accounting.direction AS accounting_direction, accounting.record AS accounting_record,...[0m
    [36m         â”‚    â”” [0m[36m[1m<function Cursor._query at 0x7fa14e3a32f0>[0m
    [36m         â”” [0m[36m[1m<pymysql.cursors.Cursor object at 0x7fa14c79ee48>[0m

  File "[32m/usr/local/lib64/python3.6/site-packages/pymysql/[0m[32m[1mcursors.py[0m", line [33m328[0m, in [35m_query[0m
    [1mconn[0m[35m[1m.[0m[1mquery[0m[1m([0m[1mq[0m[1m)[0m
    [36mâ”‚    â”‚     â”” [0m[36m[1m"SELECT accounting.id AS accounting_id, accounting.direction AS accounting_direction, accounting.record AS accounting_record,...[0m
    [36mâ”‚    â”” [0m[36m[1m<function Connection.query at 0x7fa14e3b9620>[0m
    [36mâ”” [0m[36m[1m<pymysql.connections.Connection object at 0x7fa14409beb8>[0m

  File "[32m/usr/local/lib64/python3.6/site-packages/pymysql/[0m[32m[1mconnections.py[0m", line [33m517[0m, in [35mquery[0m
    [1mself[0m[35m[1m.[0m[1m_affected_rows[0m [35m[1m=[0m [1mself[0m[35m[1m.[0m[1m_read_query_result[0m[1m([0m[1munbuffered[0m[35m[1m=[0m[1munbuffered[0m[1m)[0m
    [36mâ”‚    â”‚                â”‚    â”‚                             â”” [0m[36m[1mFalse[0m
    [36mâ”‚    â”‚                â”‚    â”” [0m[36m[1m<function Connection._read_query_result at 0x7fa14e3b9bf8>[0m
    [36mâ”‚    â”‚                â”” [0m[36m[1m<pymysql.connections.Connection object at 0x7fa14409beb8>[0m
    [36mâ”‚    â”” [0m[36m[1m184[0m
    [36mâ”” [0m[36m[1m<pymysql.connections.Connection object at 0x7fa14409beb8>[0m

  File "[32m/usr/local/lib64/python3.6/site-packages/pymysql/[0m[32m[1mconnections.py[0m", line [33m732[0m, in [35m_read_query_result[0m
    [1mresult[0m[35m[1m.[0m[1mread[0m[1m([0m[1m)[0m
    [36mâ”‚      â”” [0m[36m[1m<function MySQLResult.read at 0x7fa14e3ba400>[0m
    [36mâ”” [0m[36m[1m<pymysql.connections.MySQLResult object at 0x7fa14c79e6d8>[0m

  File "[32m/usr/local/lib64/python3.6/site-packages/pymysql/[0m[32m[1mconnections.py[0m", line [33m1075[0m, in [35mread[0m
    [1mfirst_packet[0m [35m[1m=[0m [1mself[0m[35m[1m.[0m[1mconnection[0m[35m[1m.[0m[1m_read_packet[0m[1m([0m[1m)[0m
    [36m               â”‚    â”” [0m[36m[1mNone[0m
    [36m               â”” [0m[36m[1m<pymysql.connections.MySQLResult object at 0x7fa14c79e6d8>[0m

  File "[32m/usr/local/lib64/python3.6/site-packages/pymysql/[0m[32m[1mconnections.py[0m", line [33m657[0m, in [35m_read_packet[0m
    [1mpacket_header[0m [35m[1m=[0m [1mself[0m[35m[1m.[0m[1m_read_bytes[0m[1m([0m[34m[1m4[0m[1m)[0m
    [36m                â”‚    â”” [0m[36m[1m<function Connection._read_bytes at 0x7fa14e3b9ae8>[0m
    [36m                â”” [0m[36m[1m<pymysql.connections.Connection object at 0x7fa14409beb8>[0m

  File "[32m/usr/local/lib64/python3.6/site-packages/pymysql/[0m[32m[1mconnections.py[0m", line [33m707[0m, in [35m_read_bytes[0m
    [1mCR[0m[35m[1m.[0m[1mCR_SERVER_LOST[0m[1m,[0m [36m"Lost connection to MySQL server during query"[0m[1m)[0m
    [36mâ”‚  â”” [0m[36m[1m2013[0m
    [36mâ”” [0m[36m[1m<module 'pymysql.constants.CR' from '/usr/local/lib64/python3.6/site-packages/pymysql/constants/CR.py'>[0m

[31m[1msqlalchemy.exc.OperationalError[0m:[1m (pymysql.err.OperationalError) (2013, 'Lost connection to MySQL server during query')
[SQL: SELECT accounting.id AS accounting_id, accounting.direction AS accounting_direction, accounting.record AS accounting_record, accounting.email AS accounting_email, accounting.date AS accounting_date, accounting.fee AS accounting_fee 
FROM accounting 
WHERE accounting.email = %(email_1)s AND accounting.date IN (%(date_1)s, %(date_2)s, %(date_3)s, %(date_4)s, %(date_5)s, %(date_6)s, %(date_7)s, %(date_8)s, %(date_9)s, %(date_10)s, %(date_11)s, %(date_12)s, %(date_13)s, %(date_14)s, %(date_15)s, %(date_16)s, %(date_17)s, %(date_18)s, %(date_19)s, %(date_20)s, %(date_21)s, %(date_22)s, %(date_23)s, %(date_24)s, %(date_25)s, %(date_26)s, %(date_27)s, %(date_28)s, %(date_29)s, %(date_30)s, %(date_31)s, %(date_32)s, %(date_33)s, %(date_34)s, %(date_35)s, %(date_36)s, %(date_37)s, %(date_38)s, %(date_39)s, %(date_40)s, %(date_41)s, %(date_42)s, %(date_43)s, %(date_44)s, %(date_45)s, %(date_46)s, %(date_47)s, %(date_48)s, %(date_49)s, %(date_50)s, %(date_51)s, %(date_52)s, %(date_53)s, %(date_54)s, %(date_55)s, %(date_56)s, %(date_57)s, %(date_58)s, %(date_59)s, %(date_60)s, %(date_61)s)]
[parameters: {'email_1': 'yang756260386@gmail.com', 'date_1': '200601', 'date_2': '200602', 'date_3': '200603', 'date_4': '200604', 'date_5': '200605', 'date_6': '200606', 'date_7': '200607', 'date_8': '200608', 'date_9': '200609', 'date_10': '200610', 'date_11': '200611', 'date_12': '200612', 'date_13': '200613', 'date_14': '200614', 'date_15': '200615', 'date_16': '200616', 'date_17': '200617', 'date_18': '200618', 'date_19': '200619', 'date_20': '200620', 'date_21': '200621', 'date_22': '200622', 'date_23': '200623', 'date_24': '200624', 'date_25': '200625', 'date_26': '200626', 'date_27': '200627', 'date_28': '200628', 'date_29': '200629', 'date_30': '200630', 'date_31': '200701', 'date_32': '200702', 'date_33': '200703', 'date_34': '200704', 'date_35': '200705', 'date_36': '200706', 'date_37': '200707', 'date_38': '200708', 'date_39': '200709', 'date_40': '200710', 'date_41': '200711', 'date_42': '200712', 'date_43': '200713', 'date_44': '200714', 'date_45': '200715', 'date_46': '200716', 'date_47': '200717', 'date_48': '200718', 'date_49': '200719', 'date_50': '200720', 'date_51': '200721', 'date_52': '200722', 'date_53': '200723', 'date_54': '200724', 'date_55': '200725', 'date_56': '200726', 'date_57': '200727', 'date_58': '200728', 'date_59': '200729', 'date_60': '200730', 'date_61': '200731'}]
(Background on this error at: http://sqlalche.me/e/13/e3q8)[0m
[32m2020-07-10 07:40:10.634[0m | [31m[1mERROR   [0m | [36m__main__[0m:[36mrewardfun[0m:[36m305[0m - [31m[1mè·å–å›é¦ˆæ•°æ®å¼‚å¸¸[0m
[33m[1mTraceback (most recent call last):[0m

  File "[32m/usr/local/lib64/python3.6/site-packages/sqlalchemy/engine/[0m[32m[1mbase.py[0m", line [33m1278[0m, in [35m_execute_context[0m
    [1mcursor[0m[1m,[0m [1mstatement[0m[1m,[0m [1mparameters[0m[1m,[0m [1mcontext[0m
    [36mâ”‚       â”‚          â”‚           â”” [0m[36m[1m<sqlalchemy.dialects.mysql.mysqldb.MySQLExecutionContext_mysqldb object at 0x7fa14422dfd0>[0m
    [36mâ”‚       â”‚          â”” [0m[36m[1m{'email_1': 'yang756260386@gmail.com', 'date_1': '200101', 'date_2': '200102', 'date_3': '200103', 'date_4': '200104', 'date_...[0m
    [36mâ”‚       â”” [0m[36m[1m'SELECT reviewofdays.id AS reviewofdays_id, reviewofdays.email AS reviewofdays_email, reviewofdays.date AS reviewofdays_date,...[0m
    [36mâ”” [0m[36m[1m<pymysql.cursors.Cursor object at 0x7fa14422df60>[0m

  File "[32m/usr/local/lib64/python3.6/site-packages/sqlalchemy/engine/[0m[32m[1mdefault.py[0m", line [33m593[0m, in [35mdo_execute[0m
    [1mcursor[0m[35m[1m.[0m[1mexecute[0m[1m([0m[1mstatement[0m[1m,[0m [1mparameters[0m[1m)[0m
    [36mâ”‚      â”‚       â”‚          â”” [0m[36m[1m{'email_1': 'yang756260386@gmail.com', 'date_1': '200101', 'date_2': '200102', 'date_3': '200103', 'date_4': '200104', 'date_...[0m
    [36mâ”‚      â”‚       â”” [0m[36m[1m'SELECT reviewofdays.id AS reviewofdays_id, reviewofdays.email AS reviewofdays_email, reviewofdays.date AS reviewofdays_date,...[0m
    [36mâ”‚      â”” [0m[36m[1m<function Cursor.execute at 0x7fa14e394e18>[0m
    [36mâ”” [0m[36m[1m<pymysql.cursors.Cursor object at 0x7fa14422df60>[0m

  File "[32m/usr/local/lib64/python3.6/site-packages/pymysql/[0m[32m[1mcursors.py[0m", line [33m170[0m, in [35mexecute[0m
    [1mresult[0m [35m[1m=[0m [1mself[0m[35m[1m.[0m[1m_query[0m[1m([0m[1mquery[0m[1m)[0m
    [36m         â”‚    â”‚      â”” [0m[36m[1m"SELECT reviewofdays.id AS reviewofdays_id, reviewofdays.email AS reviewofdays_email, reviewofdays.date AS reviewofdays_date,...[0m
    [36m         â”‚    â”” [0m[36m[1m<function Cursor._query at 0x7fa14e3a32f0>[0m
    [36m         â”” [0m[36m[1m<pymysql.cursors.Cursor object at 0x7fa14422df60>[0m

  File "[32m/usr/local/lib64/python3.6/site-packages/pymysql/[0m[32m[1mcursors.py[0m", line [33m328[0m, in [35m_query[0m
    [1mconn[0m[35m[1m.[0m[1mquery[0m[1m([0m[1mq[0m[1m)[0m
    [36mâ”‚    â”‚     â”” [0m[36m[1m"SELECT reviewofdays.id AS reviewofdays_id, reviewofdays.email AS reviewofdays_email, reviewofdays.date AS reviewofdays_date,...[0m
    [36mâ”‚    â”” [0m[36m[1m<function Connection.query at 0x7fa14e3b9620>[0m
    [36mâ”” [0m[36m[1m<pymysql.connections.Connection object at 0x7fa14c67a978>[0m

  File "[32m/usr/local/lib64/python3.6/site-packages/pymysql/[0m[32m[1mconnections.py[0m", line [33m517[0m, in [35mquery[0m
    [1mself[0m[35m[1m.[0m[1m_affected_rows[0m [35m[1m=[0m [1mself[0m[35m[1m.[0m[1m_read_query_result[0m[1m([0m[1munbuffered[0m[35m[1m=[0m[1munbuffered[0m[1m)[0m
    [36mâ”‚    â”‚                â”‚    â”‚                             â”” [0m[36m[1mFalse[0m
    [36mâ”‚    â”‚                â”‚    â”” [0m[36m[1m<function Connection._read_query_result at 0x7fa14e3b9bf8>[0m
    [36mâ”‚    â”‚                â”” [0m[36m[1m<pymysql.connections.Connection object at 0x7fa14c67a978>[0m
    [36mâ”‚    â”” [0m[36m[1m182[0m
    [36mâ”” [0m[36m[1m<pymysql.connections.Connection object at 0x7fa14c67a978>[0m

  File "[32m/usr/local/lib64/python3.6/site-packages/pymysql/[0m[32m[1mconnections.py[0m", line [33m732[0m, in [35m_read_query_result[0m
    [1mresult[0m[35m[1m.[0m[1mread[0m[1m([0m[1m)[0m
    [36mâ”‚      â”” [0m[36m[1m<function MySQLResult.read at 0x7fa14e3ba400>[0m
    [36mâ”” [0m[36m[1m<pymysql.connections.MySQLResult object at 0x7fa14422dcc0>[0m

  File "[32m/usr/local/lib64/python3.6/site-packages/pymysql/[0m[32m[1mconnections.py[0m", line [33m1075[0m, in [35mread[0m
    [1mfirst_packet[0m [35m[1m=[0m [1mself[0m[35m[1m.[0m[1mconnection[0m[35m[1m.[0m[1m_read_packet[0m[1m([0m[1m)[0m
    [36m               â”‚    â”” [0m[36m[1mNone[0m
    [36m               â”” [0m[36m[1m<pymysql.connections.MySQLResult object at 0x7fa14422dcc0>[0m

  File "[32m/usr/local/lib64/python3.6/site-packages/pymysql/[0m[32m[1mconnections.py[0m", line [33m657[0m, in [35m_read_packet[0m
    [1mpacket_header[0m [35m[1m=[0m [1mself[0m[35m[1m.[0m[1m_read_bytes[0m[1m([0m[34m[1m4[0m[1m)[0m
    [36m                â”‚    â”” [0m[36m[1m<function Connection._read_bytes at 0x7fa14e3b9ae8>[0m
    [36m                â”” [0m[36m[1m<pymysql.connections.Connection object at 0x7fa14c67a978>[0m

  File "[32m/usr/local/lib64/python3.6/site-packages/pymysql/[0m[32m[1mconnections.py[0m", line [33m707[0m, in [35m_read_bytes[0m
    [1mCR[0m[35m[1m.[0m[1mCR_SERVER_LOST[0m[1m,[0m [36m"Lost connection to MySQL server during query"[0m[1m)[0m
    [36mâ”‚  â”” [0m[36m[1m2013[0m
    [36mâ”” [0m[36m[1m<module 'pymysql.constants.CR' from '/usr/local/lib64/python3.6/site-packages/pymysql/constants/CR.py'>[0m

[31m[1mpymysql.err.OperationalError[0m:[1m (2013, 'Lost connection to MySQL server during query')[0m


[1mThe above exception was the direct cause of the following exception:[0m


[33m[1mTraceback (most recent call last):[0m

  File "/usr/lib64/python3.6/threading.py", line 884, in _bootstrap
    self._bootstrap_inner()
    â”‚    â”” <function Thread._bootstrap_inner at 0x7fa159b487b8>
    â”” <Thread(Thread-106, started daemon 140330674419456)>
  File "/usr/lib64/python3.6/threading.py", line 916, in _bootstrap_inner
    self.run()
    â”‚    â”” <function Thread.run at 0x7fa159b48598>
    â”” <Thread(Thread-106, started daemon 140330674419456)>
  File "/usr/lib64/python3.6/threading.py", line 864, in run
    self._target(*self._args, **self._kwargs)
    â”‚    â”‚        â”‚    â”‚        â”‚    â”” {}
    â”‚    â”‚        â”‚    â”‚        â”” <Thread(Thread-106, started daemon 140330674419456)>
    â”‚    â”‚        â”‚    â”” (<socket.socket fd=4, family=AddressFamily.AF_INET, type=SocketKind.SOCK_STREAM, proto=0, laddr=('127.0.0.1', 6000), raddr=('...
    â”‚    â”‚        â”” <Thread(Thread-106, started daemon 140330674419456)>
    â”‚    â”” <bound method ThreadingMixIn.process_request_thread of <werkzeug.serving.ThreadedWSGIServer object at 0x7fa14e071828>>
    â”” <Thread(Thread-106, started daemon 140330674419456)>
  File "/usr/lib64/python3.6/socketserver.py", line 654, in process_request_thread
    self.finish_request(request, client_address)
    â”‚    â”‚              â”‚        â”” ('127.0.0.1', 55624)
    â”‚    â”‚              â”” <socket.socket fd=4, family=AddressFamily.AF_INET, type=SocketKind.SOCK_STREAM, proto=0, laddr=('127.0.0.1', 6000), raddr=('1...
    â”‚    â”” <function BaseServer.finish_request at 0x7fa150552950>
    â”” <werkzeug.serving.ThreadedWSGIServer object at 0x7fa14e071828>
  File "/usr/lib64/python3.6/socketserver.py", line 364, in finish_request
    self.RequestHandlerClass(request, client_address, self)
    â”‚    â”‚                   â”‚        â”‚               â”” <werkzeug.serving.ThreadedWSGIServer object at 0x7fa14e071828>
    â”‚    â”‚                   â”‚        â”” ('127.0.0.1', 55624)
    â”‚    â”‚                   â”” <socket.socket fd=4, family=AddressFamily.AF_INET, type=SocketKind.SOCK_STREAM, proto=0, laddr=('127.0.0.1', 6000), raddr=('1...
    â”‚    â”” <class 'werkzeug.serving.WSGIRequestHandler'>
    â”” <werkzeug.serving.ThreadedWSGIServer object at 0x7fa14e071828>
  File "/usr/lib64/python3.6/socketserver.py", line 724, in __init__
    self.handle()
    â”‚    â”” <function WSGIRequestHandler.handle at 0x7fa1501c66a8>
    â”” <werkzeug.serving.WSGIRequestHandler object at 0x7fa14c6cf208>

  File "[32m/usr/local/lib/python3.6/site-packages/werkzeug/[0m[32m[1mserving.py[0m", line [33m345[0m, in [35mhandle[0m
    [1mBaseHTTPRequestHandler[0m[35m[1m.[0m[1mhandle[0m[1m([0m[1mself[0m[1m)[0m
    [36mâ”‚                      â”‚      â”” [0m[36m[1m<werkzeug.serving.WSGIRequestHandler object at 0x7fa14c6cf208>[0m
    [36mâ”‚                      â”” [0m[36m[1m<function BaseHTTPRequestHandler.handle at 0x7fa1502ab2f0>[0m
    [36mâ”” [0m[36m[1m<class 'http.server.BaseHTTPRequestHandler'>[0m

  File "/usr/lib64/python3.6/http/server.py", line 418, in handle
    self.handle_one_request()
    â”‚    â”” <function WSGIRequestHandler.handle_one_request at 0x7fa1501c6840>
    â”” <werkzeug.serving.WSGIRequestHandler object at 0x7fa14c6cf208>

  File "[32m/usr/local/lib/python3.6/site-packages/werkzeug/[0m[32m[1mserving.py[0m", line [33m379[0m, in [35mhandle_one_request[0m
    [35m[1mreturn[0m [1mself[0m[35m[1m.[0m[1mrun_wsgi[0m[1m([0m[1m)[0m
    [36m       â”‚    â”” [0m[36m[1m<function WSGIRequestHandler.run_wsgi at 0x7fa1501c6620>[0m
    [36m       â”” [0m[36m[1m<werkzeug.serving.WSGIRequestHandler object at 0x7fa14c6cf208>[0m

  File "[32m/usr/local/lib/python3.6/site-packages/werkzeug/[0m[32m[1mserving.py[0m", line [33m323[0m, in [35mrun_wsgi[0m
    [1mexecute[0m[1m([0m[1mself[0m[35m[1m.[0m[1mserver[0m[35m[1m.[0m[1mapp[0m[1m)[0m
    [36mâ”‚       â”‚    â”‚      â”” [0m[36m[1m<werkzeug.debug.DebuggedApplication object at 0x7fa14e09bac8>[0m
    [36mâ”‚       â”‚    â”” [0m[36m[1m<werkzeug.serving.ThreadedWSGIServer object at 0x7fa14e071828>[0m
    [36mâ”‚       â”” [0m[36m[1m<werkzeug.serving.WSGIRequestHandler object at 0x7fa14c6cf208>[0m
    [36mâ”” [0m[36m[1m<function WSGIRequestHandler.run_wsgi.<locals>.execute at 0x7fa14c6799d8>[0m

  File "[32m/usr/local/lib/python3.6/site-packages/werkzeug/[0m[32m[1mserving.py[0m", line [33m314[0m, in [35mexecute[0m
    [35m[1mfor[0m [1mdata[0m [35m[1min[0m [1mapplication_iter[0m[1m:[0m
    [36m            â”” [0m[36m[1m<generator object DebuggedApplication.debug_application at 0x7fa14e06df68>[0m

  File "[32m/usr/local/lib/python3.6/site-packages/werkzeug/debug/[0m[32m[1m__init__.py[0m", line [33m304[0m, in [35mdebug_application[0m
    [1mapp_iter[0m [35m[1m=[0m [1mself[0m[35m[1m.[0m[1mapp[0m[1m([0m[1menviron[0m[1m,[0m [1mstart_response[0m[1m)[0m
    [36m           â”‚    â”‚   â”‚        â”” [0m[36m[1m<function WSGIRequestHandler.run_wsgi.<locals>.start_response at 0x7fa14c6796a8>[0m
    [36m           â”‚    â”‚   â”” [0m[36m[1m{'wsgi.version': (1, 0), 'wsgi.url_scheme': 'http', 'wsgi.input': <_io.BufferedReader name=4>, 'wsgi.errors': <_io.TextIOWrap...[0m
    [36m           â”‚    â”” [0m[36m[1m<Flask 'fees'>[0m
    [36m           â”” [0m[36m[1m<werkzeug.debug.DebuggedApplication object at 0x7fa14e09bac8>[0m

  File "[32m/usr/local/lib64/python3.6/site-packages/flask/[0m[32m[1mapp.py[0m", line [33m2464[0m, in [35m__call__[0m
    [35m[1mreturn[0m [1mself[0m[35m[1m.[0m[1mwsgi_app[0m[1m([0m[1menviron[0m[1m,[0m [1mstart_response[0m[1m)[0m
    [36m       â”‚    â”‚        â”‚        â”” [0m[36m[1m<function WSGIRequestHandler.run_wsgi.<locals>.start_response at 0x7fa14c6796a8>[0m
    [36m       â”‚    â”‚        â”” [0m[36m[1m{'wsgi.version': (1, 0), 'wsgi.url_scheme': 'http', 'wsgi.input': <_io.BufferedReader name=4>, 'wsgi.errors': <_io.TextIOWrap...[0m
    [36m       â”‚    â”” [0m[36m[1m<function Flask.wsgi_app at 0x7fa14f9b4378>[0m
    [36m       â”” [0m[36m[1m<Flask 'fees'>[0m

  File "[32m/usr/local/lib64/python3.6/site-packages/flask/[0m[32m[1mapp.py[0m", line [33m2447[0m, in [35mwsgi_app[0m
    [1mresponse[0m [35m[1m=[0m [1mself[0m[35m[1m.[0m[1mfull_dispatch_request[0m[1m([0m[1m)[0m
    [36m           â”‚    â”” [0m[36m[1m<function Flask.full_dispatch_request at 0x7fa14f9b2a60>[0m
    [36m           â”” [0m[36m[1m<Flask 'fees'>[0m

  File "[32m/usr/local/lib64/python3.6/site-packages/flask/[0m[32m[1mapp.py[0m", line [33m1950[0m, in [35mfull_dispatch_request[0m
    [1mrv[0m [35m[1m=[0m [1mself[0m[35m[1m.[0m[1mdispatch_request[0m[1m([0m[1m)[0m
    [36m     â”‚    â”” [0m[36m[1m<function Flask.dispatch_request at 0x7fa14f9b29d8>[0m
    [36m     â”” [0m[36m[1m<Flask 'fees'>[0m

  File "[32m/usr/local/lib64/python3.6/site-packages/flask/[0m[32m[1mapp.py[0m", line [33m1936[0m, in [35mdispatch_request[0m
    [35m[1mreturn[0m [1mself[0m[35m[1m.[0m[1mview_functions[0m[1m[[0m[1mrule[0m[35m[1m.[0m[1mendpoint[0m[1m][0m[1m([0m[35m[1m**[0m[1mreq[0m[35m[1m.[0m[1mview_args[0m[1m)[0m
    [36m       â”‚    â”‚              â”‚    â”‚           â”‚   â”” [0m[36m[1m{}[0m
    [36m       â”‚    â”‚              â”‚    â”‚           â”” [0m[36m[1m<Request 'http://127.0.0.1:6000/finance/getrewardleft' [GET]>[0m
    [36m       â”‚    â”‚              â”‚    â”” [0m[36m[1m'rewardfun'[0m
    [36m       â”‚    â”‚              â”” [0m[36m[1m<Rule '/finance/getrewardleft' (GET, PUT, HEAD, POST, OPTIONS) -> rewardfun>[0m
    [36m       â”‚    â”” [0m[36m[1m{'static': <bound method _PackageBoundObject.send_static_file of <Flask 'fees'>>, 'hello_world': <function hello_world at 0x7...[0m
    [36m       â”” [0m[36m[1m<Flask 'fees'>[0m

> File "[32m/root/yangming/gtdgolangserver/src/github.com/gtdgolangserver/models/finance/[0m[32m[1mfees.py[0m", line [33m301[0m, in [35mrewardfun[0m
    [1mfinance[0m [35m[1m=[0m [1mrewardorpunishment[0m[1m([0m[1m)[0m
    [36m          â”” [0m[36m[1m<function rewardorpunishment at 0x7fa14e13d6a8>[0m

  File "[32m/root/yangming/gtdgolangserver/src/github.com/gtdgolangserver/models/finance/[0m[32m[1mfees.py[0m", line [33m188[0m, in [35mrewardorpunishment[0m
    [1mall[0m [35m[1m=[0m [1msession1[0m[35m[1m.[0m[1mquery[0m[1m([0m[1mReviewofdays[0m[1m)[0m[35m[1m.[0m[1mfilter[0m[1m([0m[1mReviewofdays[0m[35m[1m.[0m[1memail[0m [35m[1m==[0m [1memail[0m[1m)[0m[35m[1m.[0m[1mfilter[0m[1m([0m[1mReviewofdays[0m[35m[1m.[0m[1mdate[0m[35m[1m.[0m[1min_[0m[1m([0m[1mdate[0m[1m)[0m[1m)[0m[35m[1m.[0m[1mall[0m[1m([0m[1m)[0m
    [36m      â”‚        â”‚     â”‚                    â”‚            â”‚        â”‚             â”‚            â”‚    â”‚   â”” [0m[36m[1m['200101', '200102', '200103', '200104', '200105', '200106', '200107', '200108', '200109', '200110', '200111', '200112', '200...[0m
    [36m      â”‚        â”‚     â”‚                    â”‚            â”‚        â”‚             â”‚            â”‚    â”” [0m[36m[1m<function ColumnOperators.in_ at 0x7fa14f849840>[0m
    [36m      â”‚        â”‚     â”‚                    â”‚            â”‚        â”‚             â”‚            â”” [0m[36m[1m<sqlalchemy.orm.attributes.InstrumentedAttribute object at 0x7fa14e130888>[0m
    [36m      â”‚        â”‚     â”‚                    â”‚            â”‚        â”‚             â”” [0m[36m[1m<class '__main__.Reviewofdays'>[0m
    [36m      â”‚        â”‚     â”‚                    â”‚            â”‚        â”” [0m[36m[1m'yang756260386@gmail.com'[0m
    [36m      â”‚        â”‚     â”‚                    â”‚            â”” [0m[36m[1m<sqlalchemy.orm.attributes.InstrumentedAttribute object at 0x7fa14e130830>[0m
    [36m      â”‚        â”‚     â”‚                    â”” [0m[36m[1m<class '__main__.Reviewofdays'>[0m
    [36m      â”‚        â”‚     â”” [0m[36m[1m<class '__main__.Reviewofdays'>[0m
    [36m      â”‚        â”” [0m[36m[1m<function Session.query at 0x7fa14ee0e7b8>[0m
    [36m      â”” [0m[36m[1m<sqlalchemy.orm.session.Session object at 0x7fa14c78a1d0>[0m

  File "[32m/usr/local/lib64/python3.6/site-packages/sqlalchemy/orm/[0m[32m[1mquery.py[0m", line [33m3341[0m, in [35mall[0m
    [35m[1mreturn[0m [1mlist[0m[1m([0m[1mself[0m[1m)[0m
    [36m            â”” [0m[36m[1m<sqlalchemy.orm.query.Query object at 0x7fa14422d518>[0m

  File "[32m/usr/local/lib64/python3.6/site-packages/sqlalchemy/orm/[0m[32m[1mquery.py[0m", line [33m3503[0m, in [35m__iter__[0m
    [35m[1mreturn[0m [1mself[0m[35m[1m.[0m[1m_execute_and_instances[0m[1m([0m[1mcontext[0m[1m)[0m
    [36m       â”‚    â”‚                      â”” [0m[36m[1m<sqlalchemy.orm.query.QueryContext object at 0x7fa14427c468>[0m
    [36m       â”‚    â”” [0m[36m[1m<function Query._execute_and_instances at 0x7fa155159840>[0m
    [36m       â”” [0m[36m[1m<sqlalchemy.orm.query.Query object at 0x7fa14422d518>[0m

  File "[32m/usr/local/lib64/python3.6/site-packages/sqlalchemy/orm/[0m[32m[1mquery.py[0m", line [33m3528[0m, in [35m_execute_and_instances[0m
    [1mresult[0m [35m[1m=[0m [1mconn[0m[35m[1m.[0m[1mexecute[0m[1m([0m[1mquerycontext[0m[35m[1m.[0m[1mstatement[0m[1m,[0m [1mself[0m[35m[1m.[0m[1m_params[0m[1m)[0m
    [36m         â”‚    â”‚       â”‚            â”‚          â”‚    â”” [0m[36m[1mimmutabledict({})[0m
    [36m         â”‚    â”‚       â”‚            â”‚          â”” [0m[36m[1m<sqlalchemy.orm.query.Query object at 0x7fa14422d518>[0m
    [36m         â”‚    â”‚       â”‚            â”” [0m[36m[1m<member 'statement' of 'QueryContext' objects>[0m
    [36m         â”‚    â”‚       â”” [0m[36m[1m<sqlalchemy.orm.query.QueryContext object at 0x7fa14427c468>[0m
    [36m         â”‚    â”” [0m[36m[1m<function Connection.execute at 0x7fa14f4122f0>[0m
    [36m         â”” [0m[36m[1m<sqlalchemy.engine.base.Connection object at 0x7fa14422d080>[0m

  File "[32m/usr/local/lib64/python3.6/site-packages/sqlalchemy/engine/[0m[32m[1mbase.py[0m", line [33m1014[0m, in [35mexecute[0m
    [35m[1mreturn[0m [1mmeth[0m[1m([0m[1mself[0m[1m,[0m [1mmultiparams[0m[1m,[0m [1mparams[0m[1m)[0m
    [36m       â”‚    â”‚     â”‚            â”” [0m[36m[1m{}[0m
    [36m       â”‚    â”‚     â”” [0m[36m[1m(immutabledict({}),)[0m
    [36m       â”‚    â”” [0m[36m[1m<sqlalchemy.engine.base.Connection object at 0x7fa14422d080>[0m
    [36m       â”” [0m[36m[1m<bound method ClauseElement._execute_on_connection of <sqlalchemy.sql.selectable.Select at 0x7fa14c78aa20; Select object>>[0m

  File "[32m/usr/local/lib64/python3.6/site-packages/sqlalchemy/sql/[0m[32m[1melements.py[0m", line [33m298[0m, in [35m_execute_on_connection[0m
    [35m[1mreturn[0m [1mconnection[0m[35m[1m.[0m[1m_execute_clauseelement[0m[1m([0m[1mself[0m[1m,[0m [1mmultiparams[0m[1m,[0m [1mparams[0m[1m)[0m
    [36m       â”‚          â”‚                      â”‚     â”‚            â”” [0m[36m[1m{}[0m
    [36m       â”‚          â”‚                      â”‚     â”” [0m[36m[1m(immutabledict({}),)[0m
    [36m       â”‚          â”‚                      â”” [0m[36m[1m<sqlalchemy.sql.selectable.Select at 0x7fa14c78aa20; Select object>[0m
    [36m       â”‚          â”” [0m[36m[1m<function Connection._execute_clauseelement at 0x7fa14f412510>[0m
    [36m       â”” [0m[36m[1m<sqlalchemy.engine.base.Connection object at 0x7fa14422d080>[0m

  File "[32m/usr/local/lib64/python3.6/site-packages/sqlalchemy/engine/[0m[32m[1mbase.py[0m", line [33m1133[0m, in [35m_execute_clauseelement[0m
    [1mdistilled_params[0m[1m,[0m
    [36mâ”” [0m[36m[1m[immutabledict({})][0m

  File "[32m/usr/local/lib64/python3.6/site-packages/sqlalchemy/engine/[0m[32m[1mbase.py[0m", line [33m1318[0m, in [35m_execute_context[0m
    [1me[0m[1m,[0m [1mstatement[0m[1m,[0m [1mparameters[0m[1m,[0m [1mcursor[0m[1m,[0m [1mcontext[0m
    [36m   â”‚          â”‚           â”‚       â”” [0m[36m[1m<sqlalchemy.dialects.mysql.mysqldb.MySQLExecutionContext_mysqldb object at 0x7fa14422dfd0>[0m
    [36m   â”‚          â”‚           â”” [0m[36m[1m<pymysql.cursors.Cursor object at 0x7fa14422df60>[0m
    [36m   â”‚          â”” [0m[36m[1m{'email_1': 'yang756260386@gmail.com', 'date_1': '200101', 'date_2': '200102', 'date_3': '200103', 'date_4': '200104', 'date_...[0m
    [36m   â”” [0m[36m[1m'SELECT reviewofdays.id AS reviewofdays_id, reviewofdays.email AS reviewofdays_email, reviewofdays.date AS reviewofdays_date,...[0m

  File "[32m/usr/local/lib64/python3.6/site-packages/sqlalchemy/engine/[0m[32m[1mbase.py[0m", line [33m1512[0m, in [35m_handle_dbapi_exception[0m
    [1msqlalchemy_exception[0m[1m,[0m [1mwith_traceback[0m[35m[1m=[0m[1mexc_info[0m[1m[[0m[34m[1m2[0m[1m][0m[1m,[0m [1mfrom_[0m[35m[1m=[0m[1me[0m
    [36mâ”‚                                    â”‚                  â”” [0m[36m[1mOperationalError(2013, 'Lost connection to MySQL server during query')[0m
    [36mâ”‚                                    â”” [0m[36m[1m(<class 'pymysql.err.OperationalError'>, OperationalError(2013, 'Lost connection to MySQL server during query'), <traceback o...[0m
    [36mâ”” [0m[36m[1mOperationalError("(pymysql.err.OperationalError) (2013, 'Lost connection to MySQL server during query')",)[0m

  File "[32m/usr/local/lib64/python3.6/site-packages/sqlalchemy/util/[0m[32m[1mcompat.py[0m", line [33m178[0m, in [35mraise_[0m
    [35m[1mraise[0m [1mexception[0m

  File "[32m/usr/local/lib64/python3.6/site-packages/sqlalchemy/engine/[0m[32m[1mbase.py[0m", line [33m1278[0m, in [35m_execute_context[0m
    [1mcursor[0m[1m,[0m [1mstatement[0m[1m,[0m [1mparameters[0m[1m,[0m [1mcontext[0m
    [36mâ”‚       â”‚          â”‚           â”” [0m[36m[1m<sqlalchemy.dialects.mysql.mysqldb.MySQLExecutionContext_mysqldb object at 0x7fa14422dfd0>[0m
    [36mâ”‚       â”‚          â”” [0m[36m[1m{'email_1': 'yang756260386@gmail.com', 'date_1': '200101', 'date_2': '200102', 'date_3': '200103', 'date_4': '200104', 'date_...[0m
    [36mâ”‚       â”” [0m[36m[1m'SELECT reviewofdays.id AS reviewofdays_id, reviewofdays.email AS reviewofdays_email, reviewofdays.date AS reviewofdays_date,...[0m
    [36mâ”” [0m[36m[1m<pymysql.cursors.Cursor object at 0x7fa14422df60>[0m

  File "[32m/usr/local/lib64/python3.6/site-packages/sqlalchemy/engine/[0m[32m[1mdefault.py[0m", line [33m593[0m, in [35mdo_execute[0m
    [1mcursor[0m[35m[1m.[0m[1mexecute[0m[1m([0m[1mstatement[0m[1m,[0m [1mparameters[0m[1m)[0m
    [36mâ”‚      â”‚       â”‚          â”” [0m[36m[1m{'email_1': 'yang756260386@gmail.com', 'date_1': '200101', 'date_2': '200102', 'date_3': '200103', 'date_4': '200104', 'date_...[0m
    [36mâ”‚      â”‚       â”” [0m[36m[1m'SELECT reviewofdays.id AS reviewofdays_id, reviewofdays.email AS reviewofdays_email, reviewofdays.date AS reviewofdays_date,...[0m
    [36mâ”‚      â”” [0m[36m[1m<function Cursor.execute at 0x7fa14e394e18>[0m
    [36mâ”” [0m[36m[1m<pymysql.cursors.Cursor object at 0x7fa14422df60>[0m

  File "[32m/usr/local/lib64/python3.6/site-packages/pymysql/[0m[32m[1mcursors.py[0m", line [33m170[0m, in [35mexecute[0m
    [1mresult[0m [35m[1m=[0m [1mself[0m[35m[1m.[0m[1m_query[0m[1m([0m[1mquery[0m[1m)[0m
    [36m         â”‚    â”‚      â”” [0m[36m[1m"SELECT reviewofdays.id AS reviewofdays_id, reviewofdays.email AS reviewofdays_email, reviewofdays.date AS reviewofdays_date,...[0m
    [36m         â”‚    â”” [0m[36m[1m<function Cursor._query at 0x7fa14e3a32f0>[0m
    [36m         â”” [0m[36m[1m<pymysql.cursors.Cursor object at 0x7fa14422df60>[0m

  File "[32m/usr/local/lib64/python3.6/site-packages/pymysql/[0m[32m[1mcursors.py[0m", line [33m328[0m, in [35m_query[0m
    [1mconn[0m[35m[1m.[0m[1mquery[0m[1m([0m[1mq[0m[1m)[0m
    [36mâ”‚    â”‚     â”” [0m[36m[1m"SELECT reviewofdays.id AS reviewofdays_id, reviewofdays.email AS reviewofdays_email, reviewofdays.date AS reviewofdays_date,...[0m
    [36mâ”‚    â”” [0m[36m[1m<function Connection.query at 0x7fa14e3b9620>[0m
    [36mâ”” [0m[36m[1m<pymysql.connections.Connection object at 0x7fa14c67a978>[0m

  File "[32m/usr/local/lib64/python3.6/site-packages/pymysql/[0m[32m[1mconnections.py[0m", line [33m517[0m, in [35mquery[0m
    [1mself[0m[35m[1m.[0m[1m_affected_rows[0m [35m[1m=[0m [1mself[0m[35m[1m.[0m[1m_read_query_result[0m[1m([0m[1munbuffered[0m[35m[1m=[0m[1munbuffered[0m[1m)[0m
    [36mâ”‚    â”‚                â”‚    â”‚                             â”” [0m[36m[1mFalse[0m
    [36mâ”‚    â”‚                â”‚    â”” [0m[36m[1m<function Connection._read_query_result at 0x7fa14e3b9bf8>[0m
    [36mâ”‚    â”‚                â”” [0m[36m[1m<pymysql.connections.Connection object at 0x7fa14c67a978>[0m
    [36mâ”‚    â”” [0m[36m[1m182[0m
    [36mâ”” [0m[36m[1m<pymysql.connections.Connection object at 0x7fa14c67a978>[0m

  File "[32m/usr/local/lib64/python3.6/site-packages/pymysql/[0m[32m[1mconnections.py[0m", line [33m732[0m, in [35m_read_query_result[0m
    [1mresult[0m[35m[1m.[0m[1mread[0m[1m([0m[1m)[0m
    [36mâ”‚      â”” [0m[36m[1m<function MySQLResult.read at 0x7fa14e3ba400>[0m
    [36mâ”” [0m[36m[1m<pymysql.connections.MySQLResult object at 0x7fa14422dcc0>[0m

  File "[32m/usr/local/lib64/python3.6/site-packages/pymysql/[0m[32m[1mconnections.py[0m", line [33m1075[0m, in [35mread[0m
    [1mfirst_packet[0m [35m[1m=[0m [1mself[0m[35m[1m.[0m[1mconnection[0m[35m[1m.[0m[1m_read_packet[0m[1m([0m[1m)[0m
    [36m               â”‚    â”” [0m[36m[1mNone[0m
    [36m               â”” [0m[36m[1m<pymysql.connections.MySQLResult object at 0x7fa14422dcc0>[0m

  File "[32m/usr/local/lib64/python3.6/site-packages/pymysql/[0m[32m[1mconnections.py[0m", line [33m657[0m, in [35m_read_packet[0m
    [1mpacket_header[0m [35m[1m=[0m [1mself[0m[35m[1m.[0m[1m_read_bytes[0m[1m([0m[34m[1m4[0m[1m)[0m
    [36m                â”‚    â”” [0m[36m[1m<function Connection._read_bytes at 0x7fa14e3b9ae8>[0m
    [36m                â”” [0m[36m[1m<pymysql.connections.Connection object at 0x7fa14c67a978>[0m

  File "[32m/usr/local/lib64/python3.6/site-packages/pymysql/[0m[32m[1mconnections.py[0m", line [33m707[0m, in [35m_read_bytes[0m
    [1mCR[0m[35m[1m.[0m[1mCR_SERVER_LOST[0m[1m,[0m [36m"Lost connection to MySQL server during query"[0m[1m)[0m
    [36mâ”‚  â”” [0m[36m[1m2013[0m
    [36mâ”” [0m[36m[1m<module 'pymysql.constants.CR' from '/usr/local/lib64/python3.6/site-packages/pymysql/constants/CR.py'>[0m

[31m[1msqlalchemy.exc.OperationalError[0m:[1m (pymysql.err.OperationalError) (2013, 'Lost connection to MySQL server during query')
[SQL: SELECT reviewofdays.id AS reviewofdays_id, reviewofdays.email AS reviewofdays_email, reviewofdays.date AS reviewofdays_date, reviewofdays.details AS reviewofdays_details, reviewofdays.scores AS reviewofdays_scores 
FROM reviewofdays 
WHERE reviewofdays.email = %(email_1)s AND reviewofdays.date IN (%(date_1)s, %(date_2)s, %(date_3)s, %(date_4)s, %(date_5)s, %(date_6)s, %(date_7)s, %(date_8)s, %(date_9)s, %(date_10)s, %(date_11)s, %(date_12)s, %(date_13)s, %(date_14)s, %(date_15)s, %(date_16)s, %(date_17)s, %(date_18)s, %(date_19)s, %(date_20)s, %(date_21)s, %(date_22)s, %(date_23)s, %(date_24)s, %(date_25)s, %(date_26)s, %(date_27)s, %(date_28)s, %(date_29)s, %(date_30)s, %(date_31)s, %(date_32)s, %(date_33)s, %(date_34)s, %(date_35)s, %(date_36)s, %(date_37)s, %(date_38)s, %(date_39)s, %(date_40)s, %(date_41)s, %(date_42)s, %(date_43)s, %(date_44)s, %(date_45)s, %(date_46)s, %(date_47)s, %(date_48)s, %(date_49)s, %(date_50)s, %(date_51)s, %(date_52)s, %(date_53)s, %(date_54)s, %(date_55)s, %(date_56)s, %(date_57)s, %(date_58)s, %(date_59)s, %(date_60)s, %(date_61)s, %(date_62)s, %(date_63)s, %(date_64)s, %(date_65)s, %(date_66)s, %(date_67)s, %(date_68)s, %(date_69)s, %(date_70)s, %(date_71)s, %(date_72)s, %(date_73)s, %(date_74)s, %(date_75)s, %(date_76)s, %(date_77)s, %(date_78)s, %(date_79)s, %(date_80)s, %(date_81)s, %(date_82)s, %(date_83)s, %(date_84)s, %(date_85)s, %(date_86)s, %(date_87)s, %(date_88)s, %(date_89)s, %(date_90)s, %(date_91)s, %(date_92)s, %(date_93)s, %(date_94)s, %(date_95)s, %(date_96)s, %(date_97)s, %(date_98)s, %(date_99)s, %(date_100)s, %(date_101)s, %(date_102)s, %(date_103)s, %(date_104)s, %(date_105)s, %(date_106)s, %(date_107)s, %(date_108)s, %(date_109)s, %(date_110)s, %(date_111)s, %(date_112)s, %(date_113)s, %(date_114)s, %(date_115)s, %(date_116)s, %(date_117)s, %(date_118)s, %(date_119)s, %(date_120)s, %(date_121)s, %(date_122)s, %(date_123)s, %(date_124)s, %(date_125)s, %(date_126)s, %(date_127)s, %(date_128)s, %(date_129)s, %(date_130)s, %(date_131)s, %(date_132)s, %(date_133)s, %(date_134)s, %(date_135)s, %(date_136)s, %(date_137)s, %(date_138)s, %(date_139)s, %(date_140)s, %(date_141)s, %(date_142)s, %(date_143)s, %(date_144)s, %(date_145)s, %(date_146)s, %(date_147)s, %(date_148)s, %(date_149)s, %(date_150)s, %(date_151)s, %(date_152)s, %(date_153)s, %(date_154)s, %(date_155)s, %(date_156)s, %(date_157)s, %(date_158)s, %(date_159)s, %(date_160)s, %(date_161)s, %(date_162)s, %(date_163)s, %(date_164)s, %(date_165)s, %(date_166)s, %(date_167)s, %(date_168)s, %(date_169)s, %(date_170)s, %(date_171)s, %(date_172)s, %(date_173)s, %(date_174)s, %(date_175)s, %(date_176)s, %(date_177)s, %(date_178)s, %(date_179)s, %(date_180)s, %(date_181)s, %(date_182)s, %(date_183)s, %(date_184)s, %(date_185)s, %(date_186)s, %(date_187)s, %(date_188)s, %(date_189)s, %(date_190)s, %(date_191)s, %(date_192)s)]
[parameters: {'email_1': 'yang756260386@gmail.com', 'date_1': '200101', 'date_2': '200102', 'date_3': '200103', 'date_4': '200104', 'date_5': '200105', 'date_6': '200106', 'date_7': '200107', 'date_8': '200108', 'date_9': '200109', 'date_10': '200110', 'date_11': '200111', 'date_12': '200112', 'date_13': '200113', 'date_14': '200114', 'date_15': '200115', 'date_16': '200116', 'date_17': '200117', 'date_18': '200118', 'date_19': '200119', 'date_20': '200120', 'date_21': '200121', 'date_22': '200122', 'date_23': '200123', 'date_24': '200124', 'date_25': '200125', 'date_26': '200126', 'date_27': '200127', 'date_28': '200128', 'date_29': '200129', 'date_30': '200130', 'date_31': '200131', 'date_32': '200201', 'date_33': '200202', 'date_34': '200203', 'date_35': '200204', 'date_36': '200205', 'date_37': '200206', 'date_38': '200207', 'date_39': '200208', 'date_40': '200209', 'date_41': '200210', 'date_42': '200211', 'date_43': '200212', 'date_44': '200213', 'date_45': '200214', 'date_46': '200215', 'date_47': '200216', 'date_48': '200217', 'date_49': '200218', 'date_50': '200219', 'date_51': '200220', 'date_52': '200221', 'date_53': '200222', 'date_54': '200223', 'date_55': '200224', 'date_56': '200225', 'date_57': '200226', 'date_58': '200227', 'date_59': '200228', 'date_60': '200229', 'date_61': '200301', 'date_62': '200302', 'date_63': '200303', 'date_64': '200304', 'date_65': '200305', 'date_66': '200306', 'date_67': '200307', 'date_68': '200308', 'date_69': '200309', 'date_70': '200310', 'date_71': '200311', 'date_72': '200312', 'date_73': '200313', 'date_74': '200314', 'date_75': '200315', 'date_76': '200316', 'date_77': '200317', 'date_78': '200318', 'date_79': '200319', 'date_80': '200320', 'date_81': '200321', 'date_82': '200322', 'date_83': '200323', 'date_84': '200324', 'date_85': '200325', 'date_86': '200326', 'date_87': '200327', 'date_88': '200328', 'date_89': '200329', 'date_90': '200330', 'date_91': '200331', 'date_92': '200401', 'date_93': '200402', 'date_94': '200403', 'date_95': '200404', 'date_96': '200405', 'date_97': '200406', 'date_98': '200407', 'date_99': '200408', 'date_100': '200409', 'date_101': '200410', 'date_102': '200411', 'date_103': '200412', 'date_104': '200413', 'date_105': '200414', 'date_106': '200415', 'date_107': '200416', 'date_108': '200417', 'date_109': '200418', 'date_110': '200419', 'date_111': '200420', 'date_112': '200421', 'date_113': '200422', 'date_114': '200423', 'date_115': '200424', 'date_116': '200425', 'date_117': '200426', 'date_118': '200427', 'date_119': '200428', 'date_120': '200429', 'date_121': '200430', 'date_122': '200501', 'date_123': '200502', 'date_124': '200503', 'date_125': '200504', 'date_126': '200505', 'date_127': '200506', 'date_128': '200507', 'date_129': '200508', 'date_130': '200509', 'date_131': '200510', 'date_132': '200511', 'date_133': '200512', 'date_134': '200513', 'date_135': '200514', 'date_136': '200515', 'date_137': '200516', 'date_138': '200517', 'date_139': '200518', 'date_140': '200519', 'date_141': '200520', 'date_142': '200521', 'date_143': '200522', 'date_144': '200523', 'date_145': '200524', 'date_146': '200525', 'date_147': '200526', 'date_148': '200527', 'date_149': '200528', 'date_150': '200529', 'date_151': '200530', 'date_152': '200531', 'date_153': '200601', 'date_154': '200602', 'date_155': '200603', 'date_156': '200604', 'date_157': '200605', 'date_158': '200606', 'date_159': '200607', 'date_160': '200608', 'date_161': '200609', 'date_162': '200610', 'date_163': '200611', 'date_164': '200612', 'date_165': '200613', 'date_166': '200614', 'date_167': '200615', 'date_168': '200616', 'date_169': '200617', 'date_170': '200618', 'date_171': '200619', 'date_172': '200620', 'date_173': '200621', 'date_174': '200622', 'date_175': '200623', 'date_176': '200624', 'date_177': '200625', 'date_178': '200626', 'date_179': '200627', 'date_180': '200628', 'date_181': '200629', 'date_182': '200630', 'date_183': '200701', 'date_184': '200702', 'date_185': '200703', 'date_186': '200704', 'date_187': '200705', 'date_188': '200706', 'date_189': '200707', 'date_190': '200708', 'date_191': '200709', 'date_192': '200710'}]
(Background on this error at: http://sqlalche.me/e/13/e3q8)[0m
[32m2020-07-11 09:58:52.648[0m | [31m[1mERROR   [0m | [36m__main__[0m:[36mrewardfun[0m:[36m305[0m - [31m[1mè·å–å›é¦ˆæ•°æ®å¼‚å¸¸[0m
[33m[1mTraceback (most recent call last):[0m

  File "[32m/usr/local/lib64/python3.6/site-packages/sqlalchemy/engine/[0m[32m[1mbase.py[0m", line [33m1278[0m, in [35m_execute_context[0m
    [1mcursor[0m[1m,[0m [1mstatement[0m[1m,[0m [1mparameters[0m[1m,[0m [1mcontext[0m
    [36mâ”‚       â”‚          â”‚           â”” [0m[36m[1m<sqlalchemy.dialects.mysql.mysqldb.MySQLExecutionContext_mysqldb object at 0x7fa1441f47b8>[0m
    [36mâ”‚       â”‚          â”” [0m[36m[1m{'email_1': 'yang756260386@gmail.com', 'date_1': '200601', 'date_2': '200602', 'date_3': '200603', 'date_4': '200604', 'date_...[0m
    [36mâ”‚       â”” [0m[36m[1m'SELECT accounting.id AS accounting_id, accounting.direction AS accounting_direction, accounting.record AS accounting_record,...[0m
    [36mâ”” [0m[36m[1m<pymysql.cursors.Cursor object at 0x7fa1441f4fd0>[0m

  File "[32m/usr/local/lib64/python3.6/site-packages/sqlalchemy/engine/[0m[32m[1mdefault.py[0m", line [33m593[0m, in [35mdo_execute[0m
    [1mcursor[0m[35m[1m.[0m[1mexecute[0m[1m([0m[1mstatement[0m[1m,[0m [1mparameters[0m[1m)[0m
    [36mâ”‚      â”‚       â”‚          â”” [0m[36m[1m{'email_1': 'yang756260386@gmail.com', 'date_1': '200601', 'date_2': '200602', 'date_3': '200603', 'date_4': '200604', 'date_...[0m
    [36mâ”‚      â”‚       â”” [0m[36m[1m'SELECT accounting.id AS accounting_id, accounting.direction AS accounting_direction, accounting.record AS accounting_record,...[0m
    [36mâ”‚      â”” [0m[36m[1m<function Cursor.execute at 0x7fa14e394e18>[0m
    [36mâ”” [0m[36m[1m<pymysql.cursors.Cursor object at 0x7fa1441f4fd0>[0m

  File "[32m/usr/local/lib64/python3.6/site-packages/pymysql/[0m[32m[1mcursors.py[0m", line [33m170[0m, in [35mexecute[0m
    [1mresult[0m [35m[1m=[0m [1mself[0m[35m[1m.[0m[1m_query[0m[1m([0m[1mquery[0m[1m)[0m
    [36m         â”‚    â”‚      â”” [0m[36m[1m"SELECT accounting.id AS accounting_id, accounting.direction AS accounting_direction, accounting.record AS accounting_record,...[0m
    [36m         â”‚    â”” [0m[36m[1m<function Cursor._query at 0x7fa14e3a32f0>[0m
    [36m         â”” [0m[36m[1m<pymysql.cursors.Cursor object at 0x7fa1441f4fd0>[0m

  File "[32m/usr/local/lib64/python3.6/site-packages/pymysql/[0m[32m[1mcursors.py[0m", line [33m328[0m, in [35m_query[0m
    [1mconn[0m[35m[1m.[0m[1mquery[0m[1m([0m[1mq[0m[1m)[0m
    [36mâ”‚    â”‚     â”” [0m[36m[1m"SELECT accounting.id AS accounting_id, accounting.direction AS accounting_direction, accounting.record AS accounting_record,...[0m
    [36mâ”‚    â”” [0m[36m[1m<function Connection.query at 0x7fa14e3b9620>[0m
    [36mâ”” [0m[36m[1m<pymysql.connections.Connection object at 0x7fa1440acf28>[0m

  File "[32m/usr/local/lib64/python3.6/site-packages/pymysql/[0m[32m[1mconnections.py[0m", line [33m517[0m, in [35mquery[0m
    [1mself[0m[35m[1m.[0m[1m_affected_rows[0m [35m[1m=[0m [1mself[0m[35m[1m.[0m[1m_read_query_result[0m[1m([0m[1munbuffered[0m[35m[1m=[0m[1munbuffered[0m[1m)[0m
    [36mâ”‚    â”‚                â”‚    â”‚                             â”” [0m[36m[1mFalse[0m
    [36mâ”‚    â”‚                â”‚    â”” [0m[36m[1m<function Connection._read_query_result at 0x7fa14e3b9bf8>[0m
    [36mâ”‚    â”‚                â”” [0m[36m[1m<pymysql.connections.Connection object at 0x7fa1440acf28>[0m
    [36mâ”‚    â”” [0m[36m[1m187[0m
    [36mâ”” [0m[36m[1m<pymysql.connections.Connection object at 0x7fa1440acf28>[0m

  File "[32m/usr/local/lib64/python3.6/site-packages/pymysql/[0m[32m[1mconnections.py[0m", line [33m732[0m, in [35m_read_query_result[0m
    [1mresult[0m[35m[1m.[0m[1mread[0m[1m([0m[1m)[0m
    [36mâ”‚      â”” [0m[36m[1m<function MySQLResult.read at 0x7fa14e3ba400>[0m
    [36mâ”” [0m[36m[1m<pymysql.connections.MySQLResult object at 0x7fa1441f4198>[0m

  File "[32m/usr/local/lib64/python3.6/site-packages/pymysql/[0m[32m[1mconnections.py[0m", line [33m1075[0m, in [35mread[0m
    [1mfirst_packet[0m [35m[1m=[0m [1mself[0m[35m[1m.[0m[1mconnection[0m[35m[1m.[0m[1m_read_packet[0m[1m([0m[1m)[0m
    [36m               â”‚    â”” [0m[36m[1mNone[0m
    [36m               â”” [0m[36m[1m<pymysql.connections.MySQLResult object at 0x7fa1441f4198>[0m

  File "[32m/usr/local/lib64/python3.6/site-packages/pymysql/[0m[32m[1mconnections.py[0m", line [33m657[0m, in [35m_read_packet[0m
    [1mpacket_header[0m [35m[1m=[0m [1mself[0m[35m[1m.[0m[1m_read_bytes[0m[1m([0m[34m[1m4[0m[1m)[0m
    [36m                â”‚    â”” [0m[36m[1m<function Connection._read_bytes at 0x7fa14e3b9ae8>[0m
    [36m                â”” [0m[36m[1m<pymysql.connections.Connection object at 0x7fa1440acf28>[0m

  File "[32m/usr/local/lib64/python3.6/site-packages/pymysql/[0m[32m[1mconnections.py[0m", line [33m707[0m, in [35m_read_bytes[0m
    [1mCR[0m[35m[1m.[0m[1mCR_SERVER_LOST[0m[1m,[0m [36m"Lost connection to MySQL server during query"[0m[1m)[0m
    [36mâ”‚  â”” [0m[36m[1m2013[0m
    [36mâ”” [0m[36m[1m<module 'pymysql.constants.CR' from '/usr/local/lib64/python3.6/site-packages/pymysql/constants/CR.py'>[0m

[31m[1mpymysql.err.OperationalError[0m:[1m (2013, 'Lost connection to MySQL server during query')[0m


[1mThe above exception was the direct cause of the following exception:[0m


[33m[1mTraceback (most recent call last):[0m

  File "/usr/lib64/python3.6/threading.py", line 884, in _bootstrap
    self._bootstrap_inner()
    â”‚    â”” <function Thread._bootstrap_inner at 0x7fa159b487b8>
    â”” <Thread(Thread-234, started daemon 140330674419456)>
  File "/usr/lib64/python3.6/threading.py", line 916, in _bootstrap_inner
    self.run()
    â”‚    â”” <function Thread.run at 0x7fa159b48598>
    â”” <Thread(Thread-234, started daemon 140330674419456)>
  File "/usr/lib64/python3.6/threading.py", line 864, in run
    self._target(*self._args, **self._kwargs)
    â”‚    â”‚        â”‚    â”‚        â”‚    â”” {}
    â”‚    â”‚        â”‚    â”‚        â”” <Thread(Thread-234, started daemon 140330674419456)>
    â”‚    â”‚        â”‚    â”” (<socket.socket fd=4, family=AddressFamily.AF_INET, type=SocketKind.SOCK_STREAM, proto=0, laddr=('127.0.0.1', 6000), raddr=('...
    â”‚    â”‚        â”” <Thread(Thread-234, started daemon 140330674419456)>
    â”‚    â”” <bound method ThreadingMixIn.process_request_thread of <werkzeug.serving.ThreadedWSGIServer object at 0x7fa14e071828>>
    â”” <Thread(Thread-234, started daemon 140330674419456)>
  File "/usr/lib64/python3.6/socketserver.py", line 654, in process_request_thread
    self.finish_request(request, client_address)
    â”‚    â”‚              â”‚        â”” ('127.0.0.1', 34702)
    â”‚    â”‚              â”” <socket.socket fd=4, family=AddressFamily.AF_INET, type=SocketKind.SOCK_STREAM, proto=0, laddr=('127.0.0.1', 6000), raddr=('1...
    â”‚    â”” <function BaseServer.finish_request at 0x7fa150552950>
    â”” <werkzeug.serving.ThreadedWSGIServer object at 0x7fa14e071828>
  File "/usr/lib64/python3.6/socketserver.py", line 364, in finish_request
    self.RequestHandlerClass(request, client_address, self)
    â”‚    â”‚                   â”‚        â”‚               â”” <werkzeug.serving.ThreadedWSGIServer object at 0x7fa14e071828>
    â”‚    â”‚                   â”‚        â”” ('127.0.0.1', 34702)
    â”‚    â”‚                   â”” <socket.socket fd=4, family=AddressFamily.AF_INET, type=SocketKind.SOCK_STREAM, proto=0, laddr=('127.0.0.1', 6000), raddr=('1...
    â”‚    â”” <class 'werkzeug.serving.WSGIRequestHandler'>
    â”” <werkzeug.serving.ThreadedWSGIServer object at 0x7fa14e071828>
  File "/usr/lib64/python3.6/socketserver.py", line 724, in __init__
    self.handle()
    â”‚    â”” <function WSGIRequestHandler.handle at 0x7fa1501c66a8>
    â”” <werkzeug.serving.WSGIRequestHandler object at 0x7fa14404a278>

  File "[32m/usr/local/lib/python3.6/site-packages/werkzeug/[0m[32m[1mserving.py[0m", line [33m345[0m, in [35mhandle[0m
    [1mBaseHTTPRequestHandler[0m[35m[1m.[0m[1mhandle[0m[1m([0m[1mself[0m[1m)[0m
    [36mâ”‚                      â”‚      â”” [0m[36m[1m<werkzeug.serving.WSGIRequestHandler object at 0x7fa14404a278>[0m
    [36mâ”‚                      â”” [0m[36m[1m<function BaseHTTPRequestHandler.handle at 0x7fa1502ab2f0>[0m
    [36mâ”” [0m[36m[1m<class 'http.server.BaseHTTPRequestHandler'>[0m

  File "/usr/lib64/python3.6/http/server.py", line 418, in handle
    self.handle_one_request()
    â”‚    â”” <function WSGIRequestHandler.handle_one_request at 0x7fa1501c6840>
    â”” <werkzeug.serving.WSGIRequestHandler object at 0x7fa14404a278>

  File "[32m/usr/local/lib/python3.6/site-packages/werkzeug/[0m[32m[1mserving.py[0m", line [33m379[0m, in [35mhandle_one_request[0m
    [35m[1mreturn[0m [1mself[0m[35m[1m.[0m[1mrun_wsgi[0m[1m([0m[1m)[0m
    [36m       â”‚    â”” [0m[36m[1m<function WSGIRequestHandler.run_wsgi at 0x7fa1501c6620>[0m
    [36m       â”” [0m[36m[1m<werkzeug.serving.WSGIRequestHandler object at 0x7fa14404a278>[0m

  File "[32m/usr/local/lib/python3.6/site-packages/werkzeug/[0m[32m[1mserving.py[0m", line [33m323[0m, in [35mrun_wsgi[0m
    [1mexecute[0m[1m([0m[1mself[0m[35m[1m.[0m[1mserver[0m[35m[1m.[0m[1mapp[0m[1m)[0m
    [36mâ”‚       â”‚    â”‚      â”” [0m[36m[1m<werkzeug.debug.DebuggedApplication object at 0x7fa14e09bac8>[0m
    [36mâ”‚       â”‚    â”” [0m[36m[1m<werkzeug.serving.ThreadedWSGIServer object at 0x7fa14e071828>[0m
    [36mâ”‚       â”” [0m[36m[1m<werkzeug.serving.WSGIRequestHandler object at 0x7fa14404a278>[0m
    [36mâ”” [0m[36m[1m<function WSGIRequestHandler.run_wsgi.<locals>.execute at 0x7fa14c684950>[0m

  File "[32m/usr/local/lib/python3.6/site-packages/werkzeug/[0m[32m[1mserving.py[0m", line [33m314[0m, in [35mexecute[0m
    [35m[1mfor[0m [1mdata[0m [35m[1min[0m [1mapplication_iter[0m[1m:[0m
    [36m            â”” [0m[36m[1m<generator object DebuggedApplication.debug_application at 0x7fa1441e6258>[0m

  File "[32m/usr/local/lib/python3.6/site-packages/werkzeug/debug/[0m[32m[1m__init__.py[0m", line [33m304[0m, in [35mdebug_application[0m
    [1mapp_iter[0m [35m[1m=[0m [1mself[0m[35m[1m.[0m[1mapp[0m[1m([0m[1menviron[0m[1m,[0m [1mstart_response[0m[1m)[0m
    [36m           â”‚    â”‚   â”‚        â”” [0m[36m[1m<function WSGIRequestHandler.run_wsgi.<locals>.start_response at 0x7fa14c684048>[0m
    [36m           â”‚    â”‚   â”” [0m[36m[1m{'wsgi.version': (1, 0), 'wsgi.url_scheme': 'http', 'wsgi.input': <_io.BufferedReader name=4>, 'wsgi.errors': <_io.TextIOWrap...[0m
    [36m           â”‚    â”” [0m[36m[1m<Flask 'fees'>[0m
    [36m           â”” [0m[36m[1m<werkzeug.debug.DebuggedApplication object at 0x7fa14e09bac8>[0m

  File "[32m/usr/local/lib64/python3.6/site-packages/flask/[0m[32m[1mapp.py[0m", line [33m2464[0m, in [35m__call__[0m
    [35m[1mreturn[0m [1mself[0m[35m[1m.[0m[1mwsgi_app[0m[1m([0m[1menviron[0m[1m,[0m [1mstart_response[0m[1m)[0m
    [36m       â”‚    â”‚        â”‚        â”” [0m[36m[1m<function WSGIRequestHandler.run_wsgi.<locals>.start_response at 0x7fa14c684048>[0m
    [36m       â”‚    â”‚        â”” [0m[36m[1m{'wsgi.version': (1, 0), 'wsgi.url_scheme': 'http', 'wsgi.input': <_io.BufferedReader name=4>, 'wsgi.errors': <_io.TextIOWrap...[0m
    [36m       â”‚    â”” [0m[36m[1m<function Flask.wsgi_app at 0x7fa14f9b4378>[0m
    [36m       â”” [0m[36m[1m<Flask 'fees'>[0m

  File "[32m/usr/local/lib64/python3.6/site-packages/flask/[0m[32m[1mapp.py[0m", line [33m2447[0m, in [35mwsgi_app[0m
    [1mresponse[0m [35m[1m=[0m [1mself[0m[35m[1m.[0m[1mfull_dispatch_request[0m[1m([0m[1m)[0m
    [36m           â”‚    â”” [0m[36m[1m<function Flask.full_dispatch_request at 0x7fa14f9b2a60>[0m
    [36m           â”” [0m[36m[1m<Flask 'fees'>[0m

  File "[32m/usr/local/lib64/python3.6/site-packages/flask/[0m[32m[1mapp.py[0m", line [33m1950[0m, in [35mfull_dispatch_request[0m
    [1mrv[0m [35m[1m=[0m [1mself[0m[35m[1m.[0m[1mdispatch_request[0m[1m([0m[1m)[0m
    [36m     â”‚    â”” [0m[36m[1m<function Flask.dispatch_request at 0x7fa14f9b29d8>[0m
    [36m     â”” [0m[36m[1m<Flask 'fees'>[0m

  File "[32m/usr/local/lib64/python3.6/site-packages/flask/[0m[32m[1mapp.py[0m", line [33m1936[0m, in [35mdispatch_request[0m
    [35m[1mreturn[0m [1mself[0m[35m[1m.[0m[1mview_functions[0m[1m[[0m[1mrule[0m[35m[1m.[0m[1mendpoint[0m[1m][0m[1m([0m[35m[1m**[0m[1mreq[0m[35m[1m.[0m[1mview_args[0m[1m)[0m
    [36m       â”‚    â”‚              â”‚    â”‚           â”‚   â”” [0m[36m[1m{}[0m
    [36m       â”‚    â”‚              â”‚    â”‚           â”” [0m[36m[1m<Request 'http://127.0.0.1:6000/finance/getrewardleft' [GET]>[0m
    [36m       â”‚    â”‚              â”‚    â”” [0m[36m[1m'rewardfun'[0m
    [36m       â”‚    â”‚              â”” [0m[36m[1m<Rule '/finance/getrewardleft' (GET, PUT, HEAD, POST, OPTIONS) -> rewardfun>[0m
    [36m       â”‚    â”” [0m[36m[1m{'static': <bound method _PackageBoundObject.send_static_file of <Flask 'fees'>>, 'hello_world': <function hello_world at 0x7...[0m
    [36m       â”” [0m[36m[1m<Flask 'fees'>[0m

> File "[32m/root/yangming/gtdgolangserver/src/github.com/gtdgolangserver/models/finance/[0m[32m[1mfees.py[0m", line [33m301[0m, in [35mrewardfun[0m
    [1mfinance[0m [35m[1m=[0m [1mrewardorpunishment[0m[1m([0m[1m)[0m
    [36m          â”” [0m[36m[1m<function rewardorpunishment at 0x7fa14e13d6a8>[0m

  File "[32m/root/yangming/gtdgolangserver/src/github.com/gtdgolangserver/models/finance/[0m[32m[1mfees.py[0m", line [33m169[0m, in [35mrewardorpunishment[0m
    [1mall[0m [35m[1m=[0m [1msession[0m[35m[1m.[0m[1mquery[0m[1m([0m[1mAccounting[0m[1m)[0m[35m[1m.[0m[1mfilter[0m[1m([0m[1mAccounting[0m[35m[1m.[0m[1memail[0m [35m[1m==[0m [1memail[0m[1m)[0m[35m[1m.[0m[1mfilter[0m[1m([0m[1mAccounting[0m[35m[1m.[0m[1mdate[0m[35m[1m.[0m[1min_[0m[1m([0m[1mdate[0m[1m)[0m[1m)[0m[35m[1m.[0m[1mall[0m[1m([0m[1m)[0m
    [36m      â”‚       â”‚     â”‚                  â”‚          â”‚        â”‚             â”‚          â”‚    â”‚   â”” [0m[36m[1m['200601', '200602', '200603', '200604', '200605', '200606', '200607', '200608', '200609', '200610', '200611', '200612', '200...[0m
    [36m      â”‚       â”‚     â”‚                  â”‚          â”‚        â”‚             â”‚          â”‚    â”” [0m[36m[1m<function ColumnOperators.in_ at 0x7fa14f849840>[0m
    [36m      â”‚       â”‚     â”‚                  â”‚          â”‚        â”‚             â”‚          â”” [0m[36m[1m<sqlalchemy.orm.attributes.InstrumentedAttribute object at 0x7fa14e130bf8>[0m
    [36m      â”‚       â”‚     â”‚                  â”‚          â”‚        â”‚             â”” [0m[36m[1m<class '__main__.Accounting'>[0m
    [36m      â”‚       â”‚     â”‚                  â”‚          â”‚        â”” [0m[36m[1m'yang756260386@gmail.com'[0m
    [36m      â”‚       â”‚     â”‚                  â”‚          â”” [0m[36m[1m<sqlalchemy.orm.attributes.InstrumentedAttribute object at 0x7fa14e130ba0>[0m
    [36m      â”‚       â”‚     â”‚                  â”” [0m[36m[1m<class '__main__.Accounting'>[0m
    [36m      â”‚       â”‚     â”” [0m[36m[1m<class '__main__.Accounting'>[0m
    [36m      â”‚       â”” [0m[36m[1m<function Session.query at 0x7fa14ee0e7b8>[0m
    [36m      â”” [0m[36m[1m<sqlalchemy.orm.session.Session object at 0x7fa14e071a58>[0m

  File "[32m/usr/local/lib64/python3.6/site-packages/sqlalchemy/orm/[0m[32m[1mquery.py[0m", line [33m3341[0m, in [35mall[0m
    [35m[1mreturn[0m [1mlist[0m[1m([0m[1mself[0m[1m)[0m
    [36m            â”” [0m[36m[1m<sqlalchemy.orm.query.Query object at 0x7fa1441f4128>[0m

  File "[32m/usr/local/lib64/python3.6/site-packages/sqlalchemy/orm/[0m[32m[1mquery.py[0m", line [33m3503[0m, in [35m__iter__[0m
    [35m[1mreturn[0m [1mself[0m[35m[1m.[0m[1m_execute_and_instances[0m[1m([0m[1mcontext[0m[1m)[0m
    [36m       â”‚    â”‚                      â”” [0m[36m[1m<sqlalchemy.orm.query.QueryContext object at 0x7fa14e0bd888>[0m
    [36m       â”‚    â”” [0m[36m[1m<function Query._execute_and_instances at 0x7fa155159840>[0m
    [36m       â”” [0m[36m[1m<sqlalchemy.orm.query.Query object at 0x7fa1441f4128>[0m

  File "[32m/usr/local/lib64/python3.6/site-packages/sqlalchemy/orm/[0m[32m[1mquery.py[0m", line [33m3528[0m, in [35m_execute_and_instances[0m
    [1mresult[0m [35m[1m=[0m [1mconn[0m[35m[1m.[0m[1mexecute[0m[1m([0m[1mquerycontext[0m[35m[1m.[0m[1mstatement[0m[1m,[0m [1mself[0m[35m[1m.[0m[1m_params[0m[1m)[0m
    [36m         â”‚    â”‚       â”‚            â”‚          â”‚    â”” [0m[36m[1mimmutabledict({})[0m
    [36m         â”‚    â”‚       â”‚            â”‚          â”” [0m[36m[1m<sqlalchemy.orm.query.Query object at 0x7fa1441f4128>[0m
    [36m         â”‚    â”‚       â”‚            â”” [0m[36m[1m<member 'statement' of 'QueryContext' objects>[0m
    [36m         â”‚    â”‚       â”” [0m[36m[1m<sqlalchemy.orm.query.QueryContext object at 0x7fa14e0bd888>[0m
    [36m         â”‚    â”” [0m[36m[1m<function Connection.execute at 0x7fa14f4122f0>[0m
    [36m         â”” [0m[36m[1m<sqlalchemy.engine.base.Connection object at 0x7fa1441f42b0>[0m

  File "[32m/usr/local/lib64/python3.6/site-packages/sqlalchemy/engine/[0m[32m[1mbase.py[0m", line [33m1014[0m, in [35mexecute[0m
    [35m[1mreturn[0m [1mmeth[0m[1m([0m[1mself[0m[1m,[0m [1mmultiparams[0m[1m,[0m [1mparams[0m[1m)[0m
    [36m       â”‚    â”‚     â”‚            â”” [0m[36m[1m{}[0m
    [36m       â”‚    â”‚     â”” [0m[36m[1m(immutabledict({}),)[0m
    [36m       â”‚    â”” [0m[36m[1m<sqlalchemy.engine.base.Connection object at 0x7fa1441f42b0>[0m
    [36m       â”” [0m[36m[1m<bound method ClauseElement._execute_on_connection of <sqlalchemy.sql.selectable.Select at 0x7fa14c709d68; Select object>>[0m

  File "[32m/usr/local/lib64/python3.6/site-packages/sqlalchemy/sql/[0m[32m[1melements.py[0m", line [33m298[0m, in [35m_execute_on_connection[0m
    [35m[1mreturn[0m [1mconnection[0m[35m[1m.[0m[1m_execute_clauseelement[0m[1m([0m[1mself[0m[1m,[0m [1mmultiparams[0m[1m,[0m [1mparams[0m[1m)[0m
    [36m       â”‚          â”‚                      â”‚     â”‚            â”” [0m[36m[1m{}[0m
    [36m       â”‚          â”‚                      â”‚     â”” [0m[36m[1m(immutabledict({}),)[0m
    [36m       â”‚          â”‚                      â”” [0m[36m[1m<sqlalchemy.sql.selectable.Select at 0x7fa14c709d68; Select object>[0m
    [36m       â”‚          â”” [0m[36m[1m<function Connection._execute_clauseelement at 0x7fa14f412510>[0m
    [36m       â”” [0m[36m[1m<sqlalchemy.engine.base.Connection object at 0x7fa1441f42b0>[0m

  File "[32m/usr/local/lib64/python3.6/site-packages/sqlalchemy/engine/[0m[32m[1mbase.py[0m", line [33m1133[0m, in [35m_execute_clauseelement[0m
    [1mdistilled_params[0m[1m,[0m
    [36mâ”” [0m[36m[1m[immutabledict({})][0m

  File "[32m/usr/local/lib64/python3.6/site-packages/sqlalchemy/engine/[0m[32m[1mbase.py[0m", line [33m1318[0m, in [35m_execute_context[0m
    [1me[0m[1m,[0m [1mstatement[0m[1m,[0m [1mparameters[0m[1m,[0m [1mcursor[0m[1m,[0m [1mcontext[0m
    [36m   â”‚          â”‚           â”‚       â”” [0m[36m[1m<sqlalchemy.dialects.mysql.mysqldb.MySQLExecutionContext_mysqldb object at 0x7fa1441f47b8>[0m
    [36m   â”‚          â”‚           â”” [0m[36m[1m<pymysql.cursors.Cursor object at 0x7fa1441f4fd0>[0m
    [36m   â”‚          â”” [0m[36m[1m{'email_1': 'yang756260386@gmail.com', 'date_1': '200601', 'date_2': '200602', 'date_3': '200603', 'date_4': '200604', 'date_...[0m
    [36m   â”” [0m[36m[1m'SELECT accounting.id AS accounting_id, accounting.direction AS accounting_direction, accounting.record AS accounting_record,...[0m

  File "[32m/usr/local/lib64/python3.6/site-packages/sqlalchemy/engine/[0m[32m[1mbase.py[0m", line [33m1512[0m, in [35m_handle_dbapi_exception[0m
    [1msqlalchemy_exception[0m[1m,[0m [1mwith_traceback[0m[35m[1m=[0m[1mexc_info[0m[1m[[0m[34m[1m2[0m[1m][0m[1m,[0m [1mfrom_[0m[35m[1m=[0m[1me[0m
    [36mâ”‚                                    â”‚                  â”” [0m[36m[1mOperationalError(2013, 'Lost connection to MySQL server during query')[0m
    [36mâ”‚                                    â”” [0m[36m[1m(<class 'pymysql.err.OperationalError'>, OperationalError(2013, 'Lost connection to MySQL server during query'), <traceback o...[0m
    [36mâ”” [0m[36m[1mOperationalError("(pymysql.err.OperationalError) (2013, 'Lost connection to MySQL server during query')",)[0m

  File "[32m/usr/local/lib64/python3.6/site-packages/sqlalchemy/util/[0m[32m[1mcompat.py[0m", line [33m178[0m, in [35mraise_[0m
    [35m[1mraise[0m [1mexception[0m

  File "[32m/usr/local/lib64/python3.6/site-packages/sqlalchemy/engine/[0m[32m[1mbase.py[0m", line [33m1278[0m, in [35m_execute_context[0m
    [1mcursor[0m[1m,[0m [1mstatement[0m[1m,[0m [1mparameters[0m[1m,[0m [1mcontext[0m
    [36mâ”‚       â”‚          â”‚           â”” [0m[36m[1m<sqlalchemy.dialects.mysql.mysqldb.MySQLExecutionContext_mysqldb object at 0x7fa1441f47b8>[0m
    [36mâ”‚       â”‚          â”” [0m[36m[1m{'email_1': 'yang756260386@gmail.com', 'date_1': '200601', 'date_2': '200602', 'date_3': '200603', 'date_4': '200604', 'date_...[0m
    [36mâ”‚       â”” [0m[36m[1m'SELECT accounting.id AS accounting_id, accounting.direction AS accounting_direction, accounting.record AS accounting_record,...[0m
    [36mâ”” [0m[36m[1m<pymysql.cursors.Cursor object at 0x7fa1441f4fd0>[0m

  File "[32m/usr/local/lib64/python3.6/site-packages/sqlalchemy/engine/[0m[32m[1mdefault.py[0m", line [33m593[0m, in [35mdo_execute[0m
    [1mcursor[0m[35m[1m.[0m[1mexecute[0m[1m([0m[1mstatement[0m[1m,[0m [1mparameters[0m[1m)[0m
    [36mâ”‚      â”‚       â”‚          â”” [0m[36m[1m{'email_1': 'yang756260386@gmail.com', 'date_1': '200601', 'date_2': '200602', 'date_3': '200603', 'date_4': '200604', 'date_...[0m
    [36mâ”‚      â”‚       â”” [0m[36m[1m'SELECT accounting.id AS accounting_id, accounting.direction AS accounting_direction, accounting.record AS accounting_record,...[0m
    [36mâ”‚      â”” [0m[36m[1m<function Cursor.execute at 0x7fa14e394e18>[0m
    [36mâ”” [0m[36m[1m<pymysql.cursors.Cursor object at 0x7fa1441f4fd0>[0m

  File "[32m/usr/local/lib64/python3.6/site-packages/pymysql/[0m[32m[1mcursors.py[0m", line [33m170[0m, in [35mexecute[0m
    [1mresult[0m [35m[1m=[0m [1mself[0m[35m[1m.[0m[1m_query[0m[1m([0m[1mquery[0m[1m)[0m
    [36m         â”‚    â”‚      â”” [0m[36m[1m"SELECT accounting.id AS accounting_id, accounting.direction AS accounting_direction, accounting.record AS accounting_record,...[0m
    [36m         â”‚    â”” [0m[36m[1m<function Cursor._query at 0x7fa14e3a32f0>[0m
    [36m         â”” [0m[36m[1m<pymysql.cursors.Cursor object at 0x7fa1441f4fd0>[0m

  File "[32m/usr/local/lib64/python3.6/site-packages/pymysql/[0m[32m[1mcursors.py[0m", line [33m328[0m, in [35m_query[0m
    [1mconn[0m[35m[1m.[0m[1mquery[0m[1m([0m[1mq[0m[1m)[0m
    [36mâ”‚    â”‚     â”” [0m[36m[1m"SELECT accounting.id AS accounting_id, accounting.direction AS accounting_direction, accounting.record AS accounting_record,...[0m
    [36mâ”‚    â”” [0m[36m[1m<function Connection.query at 0x7fa14e3b9620>[0m
    [36mâ”” [0m[36m[1m<pymysql.connections.Connection object at 0x7fa1440acf28>[0m

  File "[32m/usr/local/lib64/python3.6/site-packages/pymysql/[0m[32m[1mconnections.py[0m", line [33m517[0m, in [35mquery[0m
    [1mself[0m[35m[1m.[0m[1m_affected_rows[0m [35m[1m=[0m [1mself[0m[35m[1m.[0m[1m_read_query_result[0m[1m([0m[1munbuffered[0m[35m[1m=[0m[1munbuffered[0m[1m)[0m
    [36mâ”‚    â”‚                â”‚    â”‚                             â”” [0m[36m[1mFalse[0m
    [36mâ”‚    â”‚                â”‚    â”” [0m[36m[1m<function Connection._read_query_result at 0x7fa14e3b9bf8>[0m
    [36mâ”‚    â”‚                â”” [0m[36m[1m<pymysql.connections.Connection object at 0x7fa1440acf28>[0m
    [36mâ”‚    â”” [0m[36m[1m187[0m
    [36mâ”” [0m[36m[1m<pymysql.connections.Connection object at 0x7fa1440acf28>[0m

  File "[32m/usr/local/lib64/python3.6/site-packages/pymysql/[0m[32m[1mconnections.py[0m", line [33m732[0m, in [35m_read_query_result[0m
    [1mresult[0m[35m[1m.[0m[1mread[0m[1m([0m[1m)[0m
    [36mâ”‚      â”” [0m[36m[1m<function MySQLResult.read at 0x7fa14e3ba400>[0m
    [36mâ”” [0m[36m[1m<pymysql.connections.MySQLResult object at 0x7fa1441f4198>[0m

  File "[32m/usr/local/lib64/python3.6/site-packages/pymysql/[0m[32m[1mconnections.py[0m", line [33m1075[0m, in [35mread[0m
    [1mfirst_packet[0m [35m[1m=[0m [1mself[0m[35m[1m.[0m[1mconnection[0m[35m[1m.[0m[1m_read_packet[0m[1m([0m[1m)[0m
    [36m               â”‚    â”” [0m[36m[1mNone[0m
    [36m               â”” [0m[36m[1m<pymysql.connections.MySQLResult object at 0x7fa1441f4198>[0m

  File "[32m/usr/local/lib64/python3.6/site-packages/pymysql/[0m[32m[1mconnections.py[0m", line [33m657[0m, in [35m_read_packet[0m
    [1mpacket_header[0m [35m[1m=[0m [1mself[0m[35m[1m.[0m[1m_read_bytes[0m[1m([0m[34m[1m4[0m[1m)[0m
    [36m                â”‚    â”” [0m[36m[1m<function Connection._read_bytes at 0x7fa14e3b9ae8>[0m
    [36m                â”” [0m[36m[1m<pymysql.connections.Connection object at 0x7fa1440acf28>[0m

  File "[32m/usr/local/lib64/python3.6/site-packages/pymysql/[0m[32m[1mconnections.py[0m", line [33m707[0m, in [35m_read_bytes[0m
    [1mCR[0m[35m[1m.[0m[1mCR_SERVER_LOST[0m[1m,[0m [36m"Lost connection to MySQL server during query"[0m[1m)[0m
    [36mâ”‚  â”” [0m[36m[1m2013[0m
    [36mâ”” [0m[36m[1m<module 'pymysql.constants.CR' from '/usr/local/lib64/python3.6/site-packages/pymysql/constants/CR.py'>[0m

[31m[1msqlalchemy.exc.OperationalError[0m:[1m (pymysql.err.OperationalError) (2013, 'Lost connection to MySQL server during query')
[SQL: SELECT accounting.id AS accounting_id, accounting.direction AS accounting_direction, accounting.record AS accounting_record, accounting.email AS accounting_email, accounting.date AS accounting_date, accounting.fee AS accounting_fee 
FROM accounting 
WHERE accounting.email = %(email_1)s AND accounting.date IN (%(date_1)s, %(date_2)s, %(date_3)s, %(date_4)s, %(date_5)s, %(date_6)s, %(date_7)s, %(date_8)s, %(date_9)s, %(date_10)s, %(date_11)s, %(date_12)s, %(date_13)s, %(date_14)s, %(date_15)s, %(date_16)s, %(date_17)s, %(date_18)s, %(date_19)s, %(date_20)s, %(date_21)s, %(date_22)s, %(date_23)s, %(date_24)s, %(date_25)s, %(date_26)s, %(date_27)s, %(date_28)s, %(date_29)s, %(date_30)s, %(date_31)s, %(date_32)s, %(date_33)s, %(date_34)s, %(date_35)s, %(date_36)s, %(date_37)s, %(date_38)s, %(date_39)s, %(date_40)s, %(date_41)s, %(date_42)s, %(date_43)s, %(date_44)s, %(date_45)s, %(date_46)s, %(date_47)s, %(date_48)s, %(date_49)s, %(date_50)s, %(date_51)s, %(date_52)s, %(date_53)s, %(date_54)s, %(date_55)s, %(date_56)s, %(date_57)s, %(date_58)s, %(date_59)s, %(date_60)s, %(date_61)s)]
[parameters: {'email_1': 'yang756260386@gmail.com', 'date_1': '200601', 'date_2': '200602', 'date_3': '200603', 'date_4': '200604', 'date_5': '200605', 'date_6': '200606', 'date_7': '200607', 'date_8': '200608', 'date_9': '200609', 'date_10': '200610', 'date_11': '200611', 'date_12': '200612', 'date_13': '200613', 'date_14': '200614', 'date_15': '200615', 'date_16': '200616', 'date_17': '200617', 'date_18': '200618', 'date_19': '200619', 'date_20': '200620', 'date_21': '200621', 'date_22': '200622', 'date_23': '200623', 'date_24': '200624', 'date_25': '200625', 'date_26': '200626', 'date_27': '200627', 'date_28': '200628', 'date_29': '200629', 'date_30': '200630', 'date_31': '200701', 'date_32': '200702', 'date_33': '200703', 'date_34': '200704', 'date_35': '200705', 'date_36': '200706', 'date_37': '200707', 'date_38': '200708', 'date_39': '200709', 'date_40': '200710', 'date_41': '200711', 'date_42': '200712', 'date_43': '200713', 'date_44': '200714', 'date_45': '200715', 'date_46': '200716', 'date_47': '200717', 'date_48': '200718', 'date_49': '200719', 'date_50': '200720', 'date_51': '200721', 'date_52': '200722', 'date_53': '200723', 'date_54': '200724', 'date_55': '200725', 'date_56': '200726', 'date_57': '200727', 'date_58': '200728', 'date_59': '200729', 'date_60': '200730', 'date_61': '200731'}]
(Background on this error at: http://sqlalche.me/e/13/e3q8)[0m
[32m2020-07-11 10:08:49.128[0m | [31m[1mERROR   [0m | [36m__main__[0m:[36mrewardfun[0m:[36m305[0m - [31m[1mè·å–å›é¦ˆæ•°æ®å¼‚å¸¸[0m
[33m[1mTraceback (most recent call last):[0m

  File "[32m/usr/local/lib64/python3.6/site-packages/sqlalchemy/engine/[0m[32m[1mbase.py[0m", line [33m1278[0m, in [35m_execute_context[0m
    [1mcursor[0m[1m,[0m [1mstatement[0m[1m,[0m [1mparameters[0m[1m,[0m [1mcontext[0m
    [36mâ”‚       â”‚          â”‚           â”” [0m[36m[1m<sqlalchemy.dialects.mysql.mysqldb.MySQLExecutionContext_mysqldb object at 0x7fa1441ecc18>[0m
    [36mâ”‚       â”‚          â”” [0m[36m[1m{'email_1': 'yang756260386@gmail.com', 'date_1': '200101', 'date_2': '200102', 'date_3': '200103', 'date_4': '200104', 'date_...[0m
    [36mâ”‚       â”” [0m[36m[1m'SELECT reviewofdays.id AS reviewofdays_id, reviewofdays.email AS reviewofdays_email, reviewofdays.date AS reviewofdays_date,...[0m
    [36mâ”” [0m[36m[1m<pymysql.cursors.Cursor object at 0x7fa1441ec358>[0m

  File "[32m/usr/local/lib64/python3.6/site-packages/sqlalchemy/engine/[0m[32m[1mdefault.py[0m", line [33m593[0m, in [35mdo_execute[0m
    [1mcursor[0m[35m[1m.[0m[1mexecute[0m[1m([0m[1mstatement[0m[1m,[0m [1mparameters[0m[1m)[0m
    [36mâ”‚      â”‚       â”‚          â”” [0m[36m[1m{'email_1': 'yang756260386@gmail.com', 'date_1': '200101', 'date_2': '200102', 'date_3': '200103', 'date_4': '200104', 'date_...[0m
    [36mâ”‚      â”‚       â”” [0m[36m[1m'SELECT reviewofdays.id AS reviewofdays_id, reviewofdays.email AS reviewofdays_email, reviewofdays.date AS reviewofdays_date,...[0m
    [36mâ”‚      â”” [0m[36m[1m<function Cursor.execute at 0x7fa14e394e18>[0m
    [36mâ”” [0m[36m[1m<pymysql.cursors.Cursor object at 0x7fa1441ec358>[0m

  File "[32m/usr/local/lib64/python3.6/site-packages/pymysql/[0m[32m[1mcursors.py[0m", line [33m170[0m, in [35mexecute[0m
    [1mresult[0m [35m[1m=[0m [1mself[0m[35m[1m.[0m[1m_query[0m[1m([0m[1mquery[0m[1m)[0m
    [36m         â”‚    â”‚      â”” [0m[36m[1m"SELECT reviewofdays.id AS reviewofdays_id, reviewofdays.email AS reviewofdays_email, reviewofdays.date AS reviewofdays_date,...[0m
    [36m         â”‚    â”” [0m[36m[1m<function Cursor._query at 0x7fa14e3a32f0>[0m
    [36m         â”” [0m[36m[1m<pymysql.cursors.Cursor object at 0x7fa1441ec358>[0m

  File "[32m/usr/local/lib64/python3.6/site-packages/pymysql/[0m[32m[1mcursors.py[0m", line [33m328[0m, in [35m_query[0m
    [1mconn[0m[35m[1m.[0m[1mquery[0m[1m([0m[1mq[0m[1m)[0m
    [36mâ”‚    â”‚     â”” [0m[36m[1m"SELECT reviewofdays.id AS reviewofdays_id, reviewofdays.email AS reviewofdays_email, reviewofdays.date AS reviewofdays_date,...[0m
    [36mâ”‚    â”” [0m[36m[1m<function Connection.query at 0x7fa14e3b9620>[0m
    [36mâ”” [0m[36m[1m<pymysql.connections.Connection object at 0x7fa1440ac780>[0m

  File "[32m/usr/local/lib64/python3.6/site-packages/pymysql/[0m[32m[1mconnections.py[0m", line [33m517[0m, in [35mquery[0m
    [1mself[0m[35m[1m.[0m[1m_affected_rows[0m [35m[1m=[0m [1mself[0m[35m[1m.[0m[1m_read_query_result[0m[1m([0m[1munbuffered[0m[35m[1m=[0m[1munbuffered[0m[1m)[0m
    [36mâ”‚    â”‚                â”‚    â”‚                             â”” [0m[36m[1mFalse[0m
    [36mâ”‚    â”‚                â”‚    â”” [0m[36m[1m<function Connection._read_query_result at 0x7fa14e3b9bf8>[0m
    [36mâ”‚    â”‚                â”” [0m[36m[1m<pymysql.connections.Connection object at 0x7fa1440ac780>[0m
    [36mâ”‚    â”” [0m[36m[1m183[0m
    [36mâ”” [0m[36m[1m<pymysql.connections.Connection object at 0x7fa1440ac780>[0m

  File "[32m/usr/local/lib64/python3.6/site-packages/pymysql/[0m[32m[1mconnections.py[0m", line [33m732[0m, in [35m_read_query_result[0m
    [1mresult[0m[35m[1m.[0m[1mread[0m[1m([0m[1m)[0m
    [36mâ”‚      â”” [0m[36m[1m<function MySQLResult.read at 0x7fa14e3ba400>[0m
    [36mâ”” [0m[36m[1m<pymysql.connections.MySQLResult object at 0x7fa1441ec908>[0m

  File "[32m/usr/local/lib64/python3.6/site-packages/pymysql/[0m[32m[1mconnections.py[0m", line [33m1075[0m, in [35mread[0m
    [1mfirst_packet[0m [35m[1m=[0m [1mself[0m[35m[1m.[0m[1mconnection[0m[35m[1m.[0m[1m_read_packet[0m[1m([0m[1m)[0m
    [36m               â”‚    â”” [0m[36m[1mNone[0m
    [36m               â”” [0m[36m[1m<pymysql.connections.MySQLResult object at 0x7fa1441ec908>[0m

  File "[32m/usr/local/lib64/python3.6/site-packages/pymysql/[0m[32m[1mconnections.py[0m", line [33m657[0m, in [35m_read_packet[0m
    [1mpacket_header[0m [35m[1m=[0m [1mself[0m[35m[1m.[0m[1m_read_bytes[0m[1m([0m[34m[1m4[0m[1m)[0m
    [36m                â”‚    â”” [0m[36m[1m<function Connection._read_bytes at 0x7fa14e3b9ae8>[0m
    [36m                â”” [0m[36m[1m<pymysql.connections.Connection object at 0x7fa1440ac780>[0m

  File "[32m/usr/local/lib64/python3.6/site-packages/pymysql/[0m[32m[1mconnections.py[0m", line [33m707[0m, in [35m_read_bytes[0m
    [1mCR[0m[35m[1m.[0m[1mCR_SERVER_LOST[0m[1m,[0m [36m"Lost connection to MySQL server during query"[0m[1m)[0m
    [36mâ”‚  â”” [0m[36m[1m2013[0m
    [36mâ”” [0m[36m[1m<module 'pymysql.constants.CR' from '/usr/local/lib64/python3.6/site-packages/pymysql/constants/CR.py'>[0m

[31m[1mpymysql.err.OperationalError[0m:[1m (2013, 'Lost connection to MySQL server during query')[0m


[1mThe above exception was the direct cause of the following exception:[0m


[33m[1mTraceback (most recent call last):[0m

  File "/usr/lib64/python3.6/threading.py", line 884, in _bootstrap
    self._bootstrap_inner()
    â”‚    â”” <function Thread._bootstrap_inner at 0x7fa159b487b8>
    â”” <Thread(Thread-235, started daemon 140330674419456)>
  File "/usr/lib64/python3.6/threading.py", line 916, in _bootstrap_inner
    self.run()
    â”‚    â”” <function Thread.run at 0x7fa159b48598>
    â”” <Thread(Thread-235, started daemon 140330674419456)>
  File "/usr/lib64/python3.6/threading.py", line 864, in run
    self._target(*self._args, **self._kwargs)
    â”‚    â”‚        â”‚    â”‚        â”‚    â”” {}
    â”‚    â”‚        â”‚    â”‚        â”” <Thread(Thread-235, started daemon 140330674419456)>
    â”‚    â”‚        â”‚    â”” (<socket.socket fd=4, family=AddressFamily.AF_INET, type=SocketKind.SOCK_STREAM, proto=0, laddr=('127.0.0.1', 6000), raddr=('...
    â”‚    â”‚        â”” <Thread(Thread-235, started daemon 140330674419456)>
    â”‚    â”” <bound method ThreadingMixIn.process_request_thread of <werkzeug.serving.ThreadedWSGIServer object at 0x7fa14e071828>>
    â”” <Thread(Thread-235, started daemon 140330674419456)>
  File "/usr/lib64/python3.6/socketserver.py", line 654, in process_request_thread
    self.finish_request(request, client_address)
    â”‚    â”‚              â”‚        â”” ('127.0.0.1', 34798)
    â”‚    â”‚              â”” <socket.socket fd=4, family=AddressFamily.AF_INET, type=SocketKind.SOCK_STREAM, proto=0, laddr=('127.0.0.1', 6000), raddr=('1...
    â”‚    â”” <function BaseServer.finish_request at 0x7fa150552950>
    â”” <werkzeug.serving.ThreadedWSGIServer object at 0x7fa14e071828>
  File "/usr/lib64/python3.6/socketserver.py", line 364, in finish_request
    self.RequestHandlerClass(request, client_address, self)
    â”‚    â”‚                   â”‚        â”‚               â”” <werkzeug.serving.ThreadedWSGIServer object at 0x7fa14e071828>
    â”‚    â”‚                   â”‚        â”” ('127.0.0.1', 34798)
    â”‚    â”‚                   â”” <socket.socket fd=4, family=AddressFamily.AF_INET, type=SocketKind.SOCK_STREAM, proto=0, laddr=('127.0.0.1', 6000), raddr=('1...
    â”‚    â”” <class 'werkzeug.serving.WSGIRequestHandler'>
    â”” <werkzeug.serving.ThreadedWSGIServer object at 0x7fa14e071828>
  File "/usr/lib64/python3.6/socketserver.py", line 724, in __init__
    self.handle()
    â”‚    â”” <function WSGIRequestHandler.handle at 0x7fa1501c66a8>
    â”” <werkzeug.serving.WSGIRequestHandler object at 0x7fa13f688ba8>

  File "[32m/usr/local/lib/python3.6/site-packages/werkzeug/[0m[32m[1mserving.py[0m", line [33m345[0m, in [35mhandle[0m
    [1mBaseHTTPRequestHandler[0m[35m[1m.[0m[1mhandle[0m[1m([0m[1mself[0m[1m)[0m
    [36mâ”‚                      â”‚      â”” [0m[36m[1m<werkzeug.serving.WSGIRequestHandler object at 0x7fa13f688ba8>[0m
    [36mâ”‚                      â”” [0m[36m[1m<function BaseHTTPRequestHandler.handle at 0x7fa1502ab2f0>[0m
    [36mâ”” [0m[36m[1m<class 'http.server.BaseHTTPRequestHandler'>[0m

  File "/usr/lib64/python3.6/http/server.py", line 418, in handle
    self.handle_one_request()
    â”‚    â”” <function WSGIRequestHandler.handle_one_request at 0x7fa1501c6840>
    â”” <werkzeug.serving.WSGIRequestHandler object at 0x7fa13f688ba8>

  File "[32m/usr/local/lib/python3.6/site-packages/werkzeug/[0m[32m[1mserving.py[0m", line [33m379[0m, in [35mhandle_one_request[0m
    [35m[1mreturn[0m [1mself[0m[35m[1m.[0m[1mrun_wsgi[0m[1m([0m[1m)[0m
    [36m       â”‚    â”” [0m[36m[1m<function WSGIRequestHandler.run_wsgi at 0x7fa1501c6620>[0m
    [36m       â”” [0m[36m[1m<werkzeug.serving.WSGIRequestHandler object at 0x7fa13f688ba8>[0m

  File "[32m/usr/local/lib/python3.6/site-packages/werkzeug/[0m[32m[1mserving.py[0m", line [33m323[0m, in [35mrun_wsgi[0m
    [1mexecute[0m[1m([0m[1mself[0m[35m[1m.[0m[1mserver[0m[35m[1m.[0m[1mapp[0m[1m)[0m
    [36mâ”‚       â”‚    â”‚      â”” [0m[36m[1m<werkzeug.debug.DebuggedApplication object at 0x7fa14e09bac8>[0m
    [36mâ”‚       â”‚    â”” [0m[36m[1m<werkzeug.serving.ThreadedWSGIServer object at 0x7fa14e071828>[0m
    [36mâ”‚       â”” [0m[36m[1m<werkzeug.serving.WSGIRequestHandler object at 0x7fa13f688ba8>[0m
    [36mâ”” [0m[36m[1m<function WSGIRequestHandler.run_wsgi.<locals>.execute at 0x7fa14c6849d8>[0m

  File "[32m/usr/local/lib/python3.6/site-packages/werkzeug/[0m[32m[1mserving.py[0m", line [33m314[0m, in [35mexecute[0m
    [35m[1mfor[0m [1mdata[0m [35m[1min[0m [1mapplication_iter[0m[1m:[0m
    [36m            â”” [0m[36m[1m<generator object DebuggedApplication.debug_application at 0x7fa1441e6258>[0m

  File "[32m/usr/local/lib/python3.6/site-packages/werkzeug/debug/[0m[32m[1m__init__.py[0m", line [33m304[0m, in [35mdebug_application[0m
    [1mapp_iter[0m [35m[1m=[0m [1mself[0m[35m[1m.[0m[1mapp[0m[1m([0m[1menviron[0m[1m,[0m [1mstart_response[0m[1m)[0m
    [36m           â”‚    â”‚   â”‚        â”” [0m[36m[1m<function WSGIRequestHandler.run_wsgi.<locals>.start_response at 0x7fa14c6840d0>[0m
    [36m           â”‚    â”‚   â”” [0m[36m[1m{'wsgi.version': (1, 0), 'wsgi.url_scheme': 'http', 'wsgi.input': <_io.BufferedReader name=4>, 'wsgi.errors': <_io.TextIOWrap...[0m
    [36m           â”‚    â”” [0m[36m[1m<Flask 'fees'>[0m
    [36m           â”” [0m[36m[1m<werkzeug.debug.DebuggedApplication object at 0x7fa14e09bac8>[0m

  File "[32m/usr/local/lib64/python3.6/site-packages/flask/[0m[32m[1mapp.py[0m", line [33m2464[0m, in [35m__call__[0m
    [35m[1mreturn[0m [1mself[0m[35m[1m.[0m[1mwsgi_app[0m[1m([0m[1menviron[0m[1m,[0m [1mstart_response[0m[1m)[0m
    [36m       â”‚    â”‚        â”‚        â”” [0m[36m[1m<function WSGIRequestHandler.run_wsgi.<locals>.start_response at 0x7fa14c6840d0>[0m
    [36m       â”‚    â”‚        â”” [0m[36m[1m{'wsgi.version': (1, 0), 'wsgi.url_scheme': 'http', 'wsgi.input': <_io.BufferedReader name=4>, 'wsgi.errors': <_io.TextIOWrap...[0m
    [36m       â”‚    â”” [0m[36m[1m<function Flask.wsgi_app at 0x7fa14f9b4378>[0m
    [36m       â”” [0m[36m[1m<Flask 'fees'>[0m

  File "[32m/usr/local/lib64/python3.6/site-packages/flask/[0m[32m[1mapp.py[0m", line [33m2447[0m, in [35mwsgi_app[0m
    [1mresponse[0m [35m[1m=[0m [1mself[0m[35m[1m.[0m[1mfull_dispatch_request[0m[1m([0m[1m)[0m
    [36m           â”‚    â”” [0m[36m[1m<function Flask.full_dispatch_request at 0x7fa14f9b2a60>[0m
    [36m           â”” [0m[36m[1m<Flask 'fees'>[0m

  File "[32m/usr/local/lib64/python3.6/site-packages/flask/[0m[32m[1mapp.py[0m", line [33m1950[0m, in [35mfull_dispatch_request[0m
    [1mrv[0m [35m[1m=[0m [1mself[0m[35m[1m.[0m[1mdispatch_request[0m[1m([0m[1m)[0m
    [36m     â”‚    â”” [0m[36m[1m<function Flask.dispatch_request at 0x7fa14f9b29d8>[0m
    [36m     â”” [0m[36m[1m<Flask 'fees'>[0m

  File "[32m/usr/local/lib64/python3.6/site-packages/flask/[0m[32m[1mapp.py[0m", line [33m1936[0m, in [35mdispatch_request[0m
    [35m[1mreturn[0m [1mself[0m[35m[1m.[0m[1mview_functions[0m[1m[[0m[1mrule[0m[35m[1m.[0m[1mendpoint[0m[1m][0m[1m([0m[35m[1m**[0m[1mreq[0m[35m[1m.[0m[1mview_args[0m[1m)[0m
    [36m       â”‚    â”‚              â”‚    â”‚           â”‚   â”” [0m[36m[1m{}[0m
    [36m       â”‚    â”‚              â”‚    â”‚           â”” [0m[36m[1m<Request 'http://127.0.0.1:6000/finance/getrewardleft' [GET]>[0m
    [36m       â”‚    â”‚              â”‚    â”” [0m[36m[1m'rewardfun'[0m
    [36m       â”‚    â”‚              â”” [0m[36m[1m<Rule '/finance/getrewardleft' (GET, PUT, HEAD, POST, OPTIONS) -> rewardfun>[0m
    [36m       â”‚    â”” [0m[36m[1m{'static': <bound method _PackageBoundObject.send_static_file of <Flask 'fees'>>, 'hello_world': <function hello_world at 0x7...[0m
    [36m       â”” [0m[36m[1m<Flask 'fees'>[0m

> File "[32m/root/yangming/gtdgolangserver/src/github.com/gtdgolangserver/models/finance/[0m[32m[1mfees.py[0m", line [33m301[0m, in [35mrewardfun[0m
    [1mfinance[0m [35m[1m=[0m [1mrewardorpunishment[0m[1m([0m[1m)[0m
    [36m          â”” [0m[36m[1m<function rewardorpunishment at 0x7fa14e13d6a8>[0m

  File "[32m/root/yangming/gtdgolangserver/src/github.com/gtdgolangserver/models/finance/[0m[32m[1mfees.py[0m", line [33m188[0m, in [35mrewardorpunishment[0m
    [1mall[0m [35m[1m=[0m [1msession1[0m[35m[1m.[0m[1mquery[0m[1m([0m[1mReviewofdays[0m[1m)[0m[35m[1m.[0m[1mfilter[0m[1m([0m[1mReviewofdays[0m[35m[1m.[0m[1memail[0m [35m[1m==[0m [1memail[0m[1m)[0m[35m[1m.[0m[1mfilter[0m[1m([0m[1mReviewofdays[0m[35m[1m.[0m[1mdate[0m[35m[1m.[0m[1min_[0m[1m([0m[1mdate[0m[1m)[0m[1m)[0m[35m[1m.[0m[1mall[0m[1m([0m[1m)[0m
    [36m      â”‚        â”‚     â”‚                    â”‚            â”‚        â”‚             â”‚            â”‚    â”‚   â”” [0m[36m[1m['200101', '200102', '200103', '200104', '200105', '200106', '200107', '200108', '200109', '200110', '200111', '200112', '200...[0m
    [36m      â”‚        â”‚     â”‚                    â”‚            â”‚        â”‚             â”‚            â”‚    â”” [0m[36m[1m<function ColumnOperators.in_ at 0x7fa14f849840>[0m
    [36m      â”‚        â”‚     â”‚                    â”‚            â”‚        â”‚             â”‚            â”” [0m[36m[1m<sqlalchemy.orm.attributes.InstrumentedAttribute object at 0x7fa14e130888>[0m
    [36m      â”‚        â”‚     â”‚                    â”‚            â”‚        â”‚             â”” [0m[36m[1m<class '__main__.Reviewofdays'>[0m
    [36m      â”‚        â”‚     â”‚                    â”‚            â”‚        â”” [0m[36m[1m'yang756260386@gmail.com'[0m
    [36m      â”‚        â”‚     â”‚                    â”‚            â”” [0m[36m[1m<sqlalchemy.orm.attributes.InstrumentedAttribute object at 0x7fa14e130830>[0m
    [36m      â”‚        â”‚     â”‚                    â”” [0m[36m[1m<class '__main__.Reviewofdays'>[0m
    [36m      â”‚        â”‚     â”” [0m[36m[1m<class '__main__.Reviewofdays'>[0m
    [36m      â”‚        â”” [0m[36m[1m<function Session.query at 0x7fa14ee0e7b8>[0m
    [36m      â”” [0m[36m[1m<sqlalchemy.orm.session.Session object at 0x7fa14c6a9550>[0m

  File "[32m/usr/local/lib64/python3.6/site-packages/sqlalchemy/orm/[0m[32m[1mquery.py[0m", line [33m3341[0m, in [35mall[0m
    [35m[1mreturn[0m [1mlist[0m[1m([0m[1mself[0m[1m)[0m
    [36m            â”” [0m[36m[1m<sqlalchemy.orm.query.Query object at 0x7fa1441ec518>[0m

  File "[32m/usr/local/lib64/python3.6/site-packages/sqlalchemy/orm/[0m[32m[1mquery.py[0m", line [33m3503[0m, in [35m__iter__[0m
    [35m[1mreturn[0m [1mself[0m[35m[1m.[0m[1m_execute_and_instances[0m[1m([0m[1mcontext[0m[1m)[0m
    [36m       â”‚    â”‚                      â”” [0m[36m[1m<sqlalchemy.orm.query.QueryContext object at 0x7fa13f5bbba0>[0m
    [36m       â”‚    â”” [0m[36m[1m<function Query._execute_and_instances at 0x7fa155159840>[0m
    [36m       â”” [0m[36m[1m<sqlalchemy.orm.query.Query object at 0x7fa1441ec518>[0m

  File "[32m/usr/local/lib64/python3.6/site-packages/sqlalchemy/orm/[0m[32m[1mquery.py[0m", line [33m3528[0m, in [35m_execute_and_instances[0m
    [1mresult[0m [35m[1m=[0m [1mconn[0m[35m[1m.[0m[1mexecute[0m[1m([0m[1mquerycontext[0m[35m[1m.[0m[1mstatement[0m[1m,[0m [1mself[0m[35m[1m.[0m[1m_params[0m[1m)[0m
    [36m         â”‚    â”‚       â”‚            â”‚          â”‚    â”” [0m[36m[1mimmutabledict({})[0m
    [36m         â”‚    â”‚       â”‚            â”‚          â”” [0m[36m[1m<sqlalchemy.orm.query.Query object at 0x7fa1441ec518>[0m
    [36m         â”‚    â”‚       â”‚            â”” [0m[36m[1m<member 'statement' of 'QueryContext' objects>[0m
    [36m         â”‚    â”‚       â”” [0m[36m[1m<sqlalchemy.orm.query.QueryContext object at 0x7fa13f5bbba0>[0m
    [36m         â”‚    â”” [0m[36m[1m<function Connection.execute at 0x7fa14f4122f0>[0m
    [36m         â”” [0m[36m[1m<sqlalchemy.engine.base.Connection object at 0x7fa1441ec7b8>[0m

  File "[32m/usr/local/lib64/python3.6/site-packages/sqlalchemy/engine/[0m[32m[1mbase.py[0m", line [33m1014[0m, in [35mexecute[0m
    [35m[1mreturn[0m [1mmeth[0m[1m([0m[1mself[0m[1m,[0m [1mmultiparams[0m[1m,[0m [1mparams[0m[1m)[0m
    [36m       â”‚    â”‚     â”‚            â”” [0m[36m[1m{}[0m
    [36m       â”‚    â”‚     â”” [0m[36m[1m(immutabledict({}),)[0m
    [36m       â”‚    â”” [0m[36m[1m<sqlalchemy.engine.base.Connection object at 0x7fa1441ec7b8>[0m
    [36m       â”” [0m[36m[1m<bound method ClauseElement._execute_on_connection of <sqlalchemy.sql.selectable.Select at 0x7fa14414b908; Select object>>[0m

  File "[32m/usr/local/lib64/python3.6/site-packages/sqlalchemy/sql/[0m[32m[1melements.py[0m", line [33m298[0m, in [35m_execute_on_connection[0m
    [35m[1mreturn[0m [1mconnection[0m[35m[1m.[0m[1m_execute_clauseelement[0m[1m([0m[1mself[0m[1m,[0m [1mmultiparams[0m[1m,[0m [1mparams[0m[1m)[0m
    [36m       â”‚          â”‚                      â”‚     â”‚            â”” [0m[36m[1m{}[0m
    [36m       â”‚          â”‚                      â”‚     â”” [0m[36m[1m(immutabledict({}),)[0m
    [36m       â”‚          â”‚                      â”” [0m[36m[1m<sqlalchemy.sql.selectable.Select at 0x7fa14414b908; Select object>[0m
    [36m       â”‚          â”” [0m[36m[1m<function Connection._execute_clauseelement at 0x7fa14f412510>[0m
    [36m       â”” [0m[36m[1m<sqlalchemy.engine.base.Connection object at 0x7fa1441ec7b8>[0m

  File "[32m/usr/local/lib64/python3.6/site-packages/sqlalchemy/engine/[0m[32m[1mbase.py[0m", line [33m1133[0m, in [35m_execute_clauseelement[0m
    [1mdistilled_params[0m[1m,[0m
    [36mâ”” [0m[36m[1m[immutabledict({})][0m

  File "[32m/usr/local/lib64/python3.6/site-packages/sqlalchemy/engine/[0m[32m[1mbase.py[0m", line [33m1318[0m, in [35m_execute_context[0m
    [1me[0m[1m,[0m [1mstatement[0m[1m,[0m [1mparameters[0m[1m,[0m [1mcursor[0m[1m,[0m [1mcontext[0m
    [36m   â”‚          â”‚           â”‚       â”” [0m[36m[1m<sqlalchemy.dialects.mysql.mysqldb.MySQLExecutionContext_mysqldb object at 0x7fa1441ecc18>[0m
    [36m   â”‚          â”‚           â”” [0m[36m[1m<pymysql.cursors.Cursor object at 0x7fa1441ec358>[0m
    [36m   â”‚          â”” [0m[36m[1m{'email_1': 'yang756260386@gmail.com', 'date_1': '200101', 'date_2': '200102', 'date_3': '200103', 'date_4': '200104', 'date_...[0m
    [36m   â”” [0m[36m[1m'SELECT reviewofdays.id AS reviewofdays_id, reviewofdays.email AS reviewofdays_email, reviewofdays.date AS reviewofdays_date,...[0m

  File "[32m/usr/local/lib64/python3.6/site-packages/sqlalchemy/engine/[0m[32m[1mbase.py[0m", line [33m1512[0m, in [35m_handle_dbapi_exception[0m
    [1msqlalchemy_exception[0m[1m,[0m [1mwith_traceback[0m[35m[1m=[0m[1mexc_info[0m[1m[[0m[34m[1m2[0m[1m][0m[1m,[0m [1mfrom_[0m[35m[1m=[0m[1me[0m
    [36mâ”‚                                    â”‚                  â”” [0m[36m[1mOperationalError(2013, 'Lost connection to MySQL server during query')[0m
    [36mâ”‚                                    â”” [0m[36m[1m(<class 'pymysql.err.OperationalError'>, OperationalError(2013, 'Lost connection to MySQL server during query'), <traceback o...[0m
    [36mâ”” [0m[36m[1mOperationalError("(pymysql.err.OperationalError) (2013, 'Lost connection to MySQL server during query')",)[0m

  File "[32m/usr/local/lib64/python3.6/site-packages/sqlalchemy/util/[0m[32m[1mcompat.py[0m", line [33m178[0m, in [35mraise_[0m
    [35m[1mraise[0m [1mexception[0m

  File "[32m/usr/local/lib64/python3.6/site-packages/sqlalchemy/engine/[0m[32m[1mbase.py[0m", line [33m1278[0m, in [35m_execute_context[0m
    [1mcursor[0m[1m,[0m [1mstatement[0m[1m,[0m [1mparameters[0m[1m,[0m [1mcontext[0m
    [36mâ”‚       â”‚          â”‚           â”” [0m[36m[1m<sqlalchemy.dialects.mysql.mysqldb.MySQLExecutionContext_mysqldb object at 0x7fa1441ecc18>[0m
    [36mâ”‚       â”‚          â”” [0m[36m[1m{'email_1': 'yang756260386@gmail.com', 'date_1': '200101', 'date_2': '200102', 'date_3': '200103', 'date_4': '200104', 'date_...[0m
    [36mâ”‚       â”” [0m[36m[1m'SELECT reviewofdays.id AS reviewofdays_id, reviewofdays.email AS reviewofdays_email, reviewofdays.date AS reviewofdays_date,...[0m
    [36mâ”” [0m[36m[1m<pymysql.cursors.Cursor object at 0x7fa1441ec358>[0m

  File "[32m/usr/local/lib64/python3.6/site-packages/sqlalchemy/engine/[0m[32m[1mdefault.py[0m", line [33m593[0m, in [35mdo_execute[0m
    [1mcursor[0m[35m[1m.[0m[1mexecute[0m[1m([0m[1mstatement[0m[1m,[0m [1mparameters[0m[1m)[0m
    [36mâ”‚      â”‚       â”‚          â”” [0m[36m[1m{'email_1': 'yang756260386@gmail.com', 'date_1': '200101', 'date_2': '200102', 'date_3': '200103', 'date_4': '200104', 'date_...[0m
    [36mâ”‚      â”‚       â”” [0m[36m[1m'SELECT reviewofdays.id AS reviewofdays_id, reviewofdays.email AS reviewofdays_email, reviewofdays.date AS reviewofdays_date,...[0m
    [36mâ”‚      â”” [0m[36m[1m<function Cursor.execute at 0x7fa14e394e18>[0m
    [36mâ”” [0m[36m[1m<pymysql.cursors.Cursor object at 0x7fa1441ec358>[0m

  File "[32m/usr/local/lib64/python3.6/site-packages/pymysql/[0m[32m[1mcursors.py[0m", line [33m170[0m, in [35mexecute[0m
    [1mresult[0m [35m[1m=[0m [1mself[0m[35m[1m.[0m[1m_query[0m[1m([0m[1mquery[0m[1m)[0m
    [36m         â”‚    â”‚      â”” [0m[36m[1m"SELECT reviewofdays.id AS reviewofdays_id, reviewofdays.email AS reviewofdays_email, reviewofdays.date AS reviewofdays_date,...[0m
    [36m         â”‚    â”” [0m[36m[1m<function Cursor._query at 0x7fa14e3a32f0>[0m
    [36m         â”” [0m[36m[1m<pymysql.cursors.Cursor object at 0x7fa1441ec358>[0m

  File "[32m/usr/local/lib64/python3.6/site-packages/pymysql/[0m[32m[1mcursors.py[0m", line [33m328[0m, in [35m_query[0m
    [1mconn[0m[35m[1m.[0m[1mquery[0m[1m([0m[1mq[0m[1m)[0m
    [36mâ”‚    â”‚     â”” [0m[36m[1m"SELECT reviewofdays.id AS reviewofdays_id, reviewofdays.email AS reviewofdays_email, reviewofdays.date AS reviewofdays_date,...[0m
    [36mâ”‚    â”” [0m[36m[1m<function Connection.query at 0x7fa14e3b9620>[0m
    [36mâ”” [0m[36m[1m<pymysql.connections.Connection object at 0x7fa1440ac780>[0m

  File "[32m/usr/local/lib64/python3.6/site-packages/pymysql/[0m[32m[1mconnections.py[0m", line [33m517[0m, in [35mquery[0m
    [1mself[0m[35m[1m.[0m[1m_affected_rows[0m [35m[1m=[0m [1mself[0m[35m[1m.[0m[1m_read_query_result[0m[1m([0m[1munbuffered[0m[35m[1m=[0m[1munbuffered[0m[1m)[0m
    [36mâ”‚    â”‚                â”‚    â”‚                             â”” [0m[36m[1mFalse[0m
    [36mâ”‚    â”‚                â”‚    â”” [0m[36m[1m<function Connection._read_query_result at 0x7fa14e3b9bf8>[0m
    [36mâ”‚    â”‚                â”” [0m[36m[1m<pymysql.connections.Connection object at 0x7fa1440ac780>[0m
    [36mâ”‚    â”” [0m[36m[1m183[0m
    [36mâ”” [0m[36m[1m<pymysql.connections.Connection object at 0x7fa1440ac780>[0m

  File "[32m/usr/local/lib64/python3.6/site-packages/pymysql/[0m[32m[1mconnections.py[0m", line [33m732[0m, in [35m_read_query_result[0m
    [1mresult[0m[35m[1m.[0m[1mread[0m[1m([0m[1m)[0m
    [36mâ”‚      â”” [0m[36m[1m<function MySQLResult.read at 0x7fa14e3ba400>[0m
    [36mâ”” [0m[36m[1m<pymysql.connections.MySQLResult object at 0x7fa1441ec908>[0m

  File "[32m/usr/local/lib64/python3.6/site-packages/pymysql/[0m[32m[1mconnections.py[0m", line [33m1075[0m, in [35mread[0m
    [1mfirst_packet[0m [35m[1m=[0m [1mself[0m[35m[1m.[0m[1mconnection[0m[35m[1m.[0m[1m_read_packet[0m[1m([0m[1m)[0m
    [36m               â”‚    â”” [0m[36m[1mNone[0m
    [36m               â”” [0m[36m[1m<pymysql.connections.MySQLResult object at 0x7fa1441ec908>[0m

  File "[32m/usr/local/lib64/python3.6/site-packages/pymysql/[0m[32m[1mconnections.py[0m", line [33m657[0m, in [35m_read_packet[0m
    [1mpacket_header[0m [35m[1m=[0m [1mself[0m[35m[1m.[0m[1m_read_bytes[0m[1m([0m[34m[1m4[0m[1m)[0m
    [36m                â”‚    â”” [0m[36m[1m<function Connection._read_bytes at 0x7fa14e3b9ae8>[0m
    [36m                â”” [0m[36m[1m<pymysql.connections.Connection object at 0x7fa1440ac780>[0m

  File "[32m/usr/local/lib64/python3.6/site-packages/pymysql/[0m[32m[1mconnections.py[0m", line [33m707[0m, in [35m_read_bytes[0m
    [1mCR[0m[35m[1m.[0m[1mCR_SERVER_LOST[0m[1m,[0m [36m"Lost connection to MySQL server during query"[0m[1m)[0m
    [36mâ”‚  â”” [0m[36m[1m2013[0m
    [36mâ”” [0m[36m[1m<module 'pymysql.constants.CR' from '/usr/local/lib64/python3.6/site-packages/pymysql/constants/CR.py'>[0m

[31m[1msqlalchemy.exc.OperationalError[0m:[1m (pymysql.err.OperationalError) (2013, 'Lost connection to MySQL server during query')
[SQL: SELECT reviewofdays.id AS reviewofdays_id, reviewofdays.email AS reviewofdays_email, reviewofdays.date AS reviewofdays_date, reviewofdays.details AS reviewofdays_details, reviewofdays.scores AS reviewofdays_scores 
FROM reviewofdays 
WHERE reviewofdays.email = %(email_1)s AND reviewofdays.date IN (%(date_1)s, %(date_2)s, %(date_3)s, %(date_4)s, %(date_5)s, %(date_6)s, %(date_7)s, %(date_8)s, %(date_9)s, %(date_10)s, %(date_11)s, %(date_12)s, %(date_13)s, %(date_14)s, %(date_15)s, %(date_16)s, %(date_17)s, %(date_18)s, %(date_19)s, %(date_20)s, %(date_21)s, %(date_22)s, %(date_23)s, %(date_24)s, %(date_25)s, %(date_26)s, %(date_27)s, %(date_28)s, %(date_29)s, %(date_30)s, %(date_31)s, %(date_32)s, %(date_33)s, %(date_34)s, %(date_35)s, %(date_36)s, %(date_37)s, %(date_38)s, %(date_39)s, %(date_40)s, %(date_41)s, %(date_42)s, %(date_43)s, %(date_44)s, %(date_45)s, %(date_46)s, %(date_47)s, %(date_48)s, %(date_49)s, %(date_50)s, %(date_51)s, %(date_52)s, %(date_53)s, %(date_54)s, %(date_55)s, %(date_56)s, %(date_57)s, %(date_58)s, %(date_59)s, %(date_60)s, %(date_61)s, %(date_62)s, %(date_63)s, %(date_64)s, %(date_65)s, %(date_66)s, %(date_67)s, %(date_68)s, %(date_69)s, %(date_70)s, %(date_71)s, %(date_72)s, %(date_73)s, %(date_74)s, %(date_75)s, %(date_76)s, %(date_77)s, %(date_78)s, %(date_79)s, %(date_80)s, %(date_81)s, %(date_82)s, %(date_83)s, %(date_84)s, %(date_85)s, %(date_86)s, %(date_87)s, %(date_88)s, %(date_89)s, %(date_90)s, %(date_91)s, %(date_92)s, %(date_93)s, %(date_94)s, %(date_95)s, %(date_96)s, %(date_97)s, %(date_98)s, %(date_99)s, %(date_100)s, %(date_101)s, %(date_102)s, %(date_103)s, %(date_104)s, %(date_105)s, %(date_106)s, %(date_107)s, %(date_108)s, %(date_109)s, %(date_110)s, %(date_111)s, %(date_112)s, %(date_113)s, %(date_114)s, %(date_115)s, %(date_116)s, %(date_117)s, %(date_118)s, %(date_119)s, %(date_120)s, %(date_121)s, %(date_122)s, %(date_123)s, %(date_124)s, %(date_125)s, %(date_126)s, %(date_127)s, %(date_128)s, %(date_129)s, %(date_130)s, %(date_131)s, %(date_132)s, %(date_133)s, %(date_134)s, %(date_135)s, %(date_136)s, %(date_137)s, %(date_138)s, %(date_139)s, %(date_140)s, %(date_141)s, %(date_142)s, %(date_143)s, %(date_144)s, %(date_145)s, %(date_146)s, %(date_147)s, %(date_148)s, %(date_149)s, %(date_150)s, %(date_151)s, %(date_152)s, %(date_153)s, %(date_154)s, %(date_155)s, %(date_156)s, %(date_157)s, %(date_158)s, %(date_159)s, %(date_160)s, %(date_161)s, %(date_162)s, %(date_163)s, %(date_164)s, %(date_165)s, %(date_166)s, %(date_167)s, %(date_168)s, %(date_169)s, %(date_170)s, %(date_171)s, %(date_172)s, %(date_173)s, %(date_174)s, %(date_175)s, %(date_176)s, %(date_177)s, %(date_178)s, %(date_179)s, %(date_180)s, %(date_181)s, %(date_182)s, %(date_183)s, %(date_184)s, %(date_185)s, %(date_186)s, %(date_187)s, %(date_188)s, %(date_189)s, %(date_190)s, %(date_191)s, %(date_192)s, %(date_193)s)]
[parameters: {'email_1': 'yang756260386@gmail.com', 'date_1': '200101', 'date_2': '200102', 'date_3': '200103', 'date_4': '200104', 'date_5': '200105', 'date_6': '200106', 'date_7': '200107', 'date_8': '200108', 'date_9': '200109', 'date_10': '200110', 'date_11': '200111', 'date_12': '200112', 'date_13': '200113', 'date_14': '200114', 'date_15': '200115', 'date_16': '200116', 'date_17': '200117', 'date_18': '200118', 'date_19': '200119', 'date_20': '200120', 'date_21': '200121', 'date_22': '200122', 'date_23': '200123', 'date_24': '200124', 'date_25': '200125', 'date_26': '200126', 'date_27': '200127', 'date_28': '200128', 'date_29': '200129', 'date_30': '200130', 'date_31': '200131', 'date_32': '200201', 'date_33': '200202', 'date_34': '200203', 'date_35': '200204', 'date_36': '200205', 'date_37': '200206', 'date_38': '200207', 'date_39': '200208', 'date_40': '200209', 'date_41': '200210', 'date_42': '200211', 'date_43': '200212', 'date_44': '200213', 'date_45': '200214', 'date_46': '200215', 'date_47': '200216', 'date_48': '200217', 'date_49': '200218', 'date_50': '200219', 'date_51': '200220', 'date_52': '200221', 'date_53': '200222', 'date_54': '200223', 'date_55': '200224', 'date_56': '200225', 'date_57': '200226', 'date_58': '200227', 'date_59': '200228', 'date_60': '200229', 'date_61': '200301', 'date_62': '200302', 'date_63': '200303', 'date_64': '200304', 'date_65': '200305', 'date_66': '200306', 'date_67': '200307', 'date_68': '200308', 'date_69': '200309', 'date_70': '200310', 'date_71': '200311', 'date_72': '200312', 'date_73': '200313', 'date_74': '200314', 'date_75': '200315', 'date_76': '200316', 'date_77': '200317', 'date_78': '200318', 'date_79': '200319', 'date_80': '200320', 'date_81': '200321', 'date_82': '200322', 'date_83': '200323', 'date_84': '200324', 'date_85': '200325', 'date_86': '200326', 'date_87': '200327', 'date_88': '200328', 'date_89': '200329', 'date_90': '200330', 'date_91': '200331', 'date_92': '200401', 'date_93': '200402', 'date_94': '200403', 'date_95': '200404', 'date_96': '200405', 'date_97': '200406', 'date_98': '200407', 'date_99': '200408', 'date_100': '200409', 'date_101': '200410', 'date_102': '200411', 'date_103': '200412', 'date_104': '200413', 'date_105': '200414', 'date_106': '200415', 'date_107': '200416', 'date_108': '200417', 'date_109': '200418', 'date_110': '200419', 'date_111': '200420', 'date_112': '200421', 'date_113': '200422', 'date_114': '200423', 'date_115': '200424', 'date_116': '200425', 'date_117': '200426', 'date_118': '200427', 'date_119': '200428', 'date_120': '200429', 'date_121': '200430', 'date_122': '200501', 'date_123': '200502', 'date_124': '200503', 'date_125': '200504', 'date_126': '200505', 'date_127': '200506', 'date_128': '200507', 'date_129': '200508', 'date_130': '200509', 'date_131': '200510', 'date_132': '200511', 'date_133': '200512', 'date_134': '200513', 'date_135': '200514', 'date_136': '200515', 'date_137': '200516', 'date_138': '200517', 'date_139': '200518', 'date_140': '200519', 'date_141': '200520', 'date_142': '200521', 'date_143': '200522', 'date_144': '200523', 'date_145': '200524', 'date_146': '200525', 'date_147': '200526', 'date_148': '200527', 'date_149': '200528', 'date_150': '200529', 'date_151': '200530', 'date_152': '200531', 'date_153': '200601', 'date_154': '200602', 'date_155': '200603', 'date_156': '200604', 'date_157': '200605', 'date_158': '200606', 'date_159': '200607', 'date_160': '200608', 'date_161': '200609', 'date_162': '200610', 'date_163': '200611', 'date_164': '200612', 'date_165': '200613', 'date_166': '200614', 'date_167': '200615', 'date_168': '200616', 'date_169': '200617', 'date_170': '200618', 'date_171': '200619', 'date_172': '200620', 'date_173': '200621', 'date_174': '200622', 'date_175': '200623', 'date_176': '200624', 'date_177': '200625', 'date_178': '200626', 'date_179': '200627', 'date_180': '200628', 'date_181': '200629', 'date_182': '200630', 'date_183': '200701', 'date_184': '200702', 'date_185': '200703', 'date_186': '200704', 'date_187': '200705', 'date_188': '200706', 'date_189': '200707', 'date_190': '200708', 'date_191': '200709', 'date_192': '200710', 'date_193': '200711'}]
(Background on this error at: http://sqlalche.me/e/13/e3q8)[0m
[32m2020-07-12 14:33:00.467[0m | [31m[1mERROR   [0m | [36m__main__[0m:[36mrewardfun[0m:[36m305[0m - [31m[1mè·å–å›é¦ˆæ•°æ®å¼‚å¸¸[0m
[33m[1mTraceback (most recent call last):[0m

  File "[32m/usr/local/lib64/python3.6/site-packages/pymysql/[0m[32m[1mconnections.py[0m", line [33m713[0m, in [35m_write_bytes[0m
    [1mself[0m[35m[1m.[0m[1m_sock[0m[35m[1m.[0m[1msendall[0m[1m([0m[1mdata[0m[1m)[0m
    [36mâ”‚    â”‚             â”” [0m[36m[1mb"\xa7\x03\x00\x00\x03SELECT accounting.id AS accounting_id, accounting.direction AS accounting_direction, accounting.record ...[0m
    [36mâ”‚    â”” [0m[36m[1mNone[0m
    [36mâ”” [0m[36m[1m<pymysql.connections.Connection object at 0x7fa14c7617b8>[0m

[31m[1mBrokenPipeError[0m:[1m [Errno 32] Broken pipe[0m


[1mDuring handling of the above exception, another exception occurred:[0m


[33m[1mTraceback (most recent call last):[0m

  File "[32m/usr/local/lib64/python3.6/site-packages/sqlalchemy/engine/[0m[32m[1mbase.py[0m", line [33m1278[0m, in [35m_execute_context[0m
    [1mcursor[0m[1m,[0m [1mstatement[0m[1m,[0m [1mparameters[0m[1m,[0m [1mcontext[0m
    [36mâ”‚       â”‚          â”‚           â”” [0m[36m[1m<sqlalchemy.dialects.mysql.mysqldb.MySQLExecutionContext_mysqldb object at 0x7fa14422d780>[0m
    [36mâ”‚       â”‚          â”” [0m[36m[1m{'email_1': 'yang756260386@gmail.com', 'date_1': '200601', 'date_2': '200602', 'date_3': '200603', 'date_4': '200604', 'date_...[0m
    [36mâ”‚       â”” [0m[36m[1m'SELECT accounting.id AS accounting_id, accounting.direction AS accounting_direction, accounting.record AS accounting_record,...[0m
    [36mâ”” [0m[36m[1m<pymysql.cursors.Cursor object at 0x7fa14422d4e0>[0m

  File "[32m/usr/local/lib64/python3.6/site-packages/sqlalchemy/engine/[0m[32m[1mdefault.py[0m", line [33m593[0m, in [35mdo_execute[0m
    [1mcursor[0m[35m[1m.[0m[1mexecute[0m[1m([0m[1mstatement[0m[1m,[0m [1mparameters[0m[1m)[0m
    [36mâ”‚      â”‚       â”‚          â”” [0m[36m[1m{'email_1': 'yang756260386@gmail.com', 'date_1': '200601', 'date_2': '200602', 'date_3': '200603', 'date_4': '200604', 'date_...[0m
    [36mâ”‚      â”‚       â”” [0m[36m[1m'SELECT accounting.id AS accounting_id, accounting.direction AS accounting_direction, accounting.record AS accounting_record,...[0m
    [36mâ”‚      â”” [0m[36m[1m<function Cursor.execute at 0x7fa14e394e18>[0m
    [36mâ”” [0m[36m[1m<pymysql.cursors.Cursor object at 0x7fa14422d4e0>[0m

  File "[32m/usr/local/lib64/python3.6/site-packages/pymysql/[0m[32m[1mcursors.py[0m", line [33m170[0m, in [35mexecute[0m
    [1mresult[0m [35m[1m=[0m [1mself[0m[35m[1m.[0m[1m_query[0m[1m([0m[1mquery[0m[1m)[0m
    [36m         â”‚    â”‚      â”” [0m[36m[1m"SELECT accounting.id AS accounting_id, accounting.direction AS accounting_direction, accounting.record AS accounting_record,...[0m
    [36m         â”‚    â”” [0m[36m[1m<function Cursor._query at 0x7fa14e3a32f0>[0m
    [36m         â”” [0m[36m[1m<pymysql.cursors.Cursor object at 0x7fa14422d4e0>[0m

  File "[32m/usr/local/lib64/python3.6/site-packages/pymysql/[0m[32m[1mcursors.py[0m", line [33m328[0m, in [35m_query[0m
    [1mconn[0m[35m[1m.[0m[1mquery[0m[1m([0m[1mq[0m[1m)[0m
    [36mâ”‚    â”‚     â”” [0m[36m[1m"SELECT accounting.id AS accounting_id, accounting.direction AS accounting_direction, accounting.record AS accounting_record,...[0m
    [36mâ”‚    â”” [0m[36m[1m<function Connection.query at 0x7fa14e3b9620>[0m
    [36mâ”” [0m[36m[1m<pymysql.connections.Connection object at 0x7fa14c7617b8>[0m

  File "[32m/usr/local/lib64/python3.6/site-packages/pymysql/[0m[32m[1mconnections.py[0m", line [33m516[0m, in [35mquery[0m
    [1mself[0m[35m[1m.[0m[1m_execute_command[0m[1m([0m[1mCOMMAND[0m[35m[1m.[0m[1mCOM_QUERY[0m[1m,[0m [1msql[0m[1m)[0m
    [36mâ”‚    â”‚                â”‚       â”‚          â”” [0m[36m[1mb"SELECT accounting.id AS accounting_id, accounting.direction AS accounting_direction, accounting.record AS accounting_record...[0m
    [36mâ”‚    â”‚                â”‚       â”” [0m[36m[1m3[0m
    [36mâ”‚    â”‚                â”” [0m[36m[1m<module 'pymysql.constants.COMMAND' from '/usr/local/lib64/python3.6/site-packages/pymysql/constants/COMMAND.py'>[0m
    [36mâ”‚    â”” [0m[36m[1m<function Connection._execute_command at 0x7fa14e3b9d08>[0m
    [36mâ”” [0m[36m[1m<pymysql.connections.Connection object at 0x7fa14c7617b8>[0m

  File "[32m/usr/local/lib64/python3.6/site-packages/pymysql/[0m[32m[1mconnections.py[0m", line [33m771[0m, in [35m_execute_command[0m
    [1mself[0m[35m[1m.[0m[1m_write_bytes[0m[1m([0m[1mpacket[0m[1m)[0m
    [36mâ”‚    â”‚            â”” [0m[36m[1mb"\xa7\x03\x00\x00\x03SELECT accounting.id AS accounting_id, accounting.direction AS accounting_direction, accounting.record ...[0m
    [36mâ”‚    â”” [0m[36m[1m<function Connection._write_bytes at 0x7fa14e3b9b70>[0m
    [36mâ”” [0m[36m[1m<pymysql.connections.Connection object at 0x7fa14c7617b8>[0m

  File "[32m/usr/local/lib64/python3.6/site-packages/pymysql/[0m[32m[1mconnections.py[0m", line [33m718[0m, in [35m_write_bytes[0m
    [36m"MySQL server has gone away (%r)"[0m [35m[1m%[0m [1m([0m[1me[0m[1m,[0m[1m)[0m[1m)[0m

[31m[1mpymysql.err.OperationalError[0m:[1m (2006, "MySQL server has gone away (BrokenPipeError(32, 'Broken pipe'))")[0m


[1mThe above exception was the direct cause of the following exception:[0m


[33m[1mTraceback (most recent call last):[0m

  File "/usr/lib64/python3.6/threading.py", line 884, in _bootstrap
    self._bootstrap_inner()
    â”‚    â”” <function Thread._bootstrap_inner at 0x7fa159b487b8>
    â”” <Thread(Thread-253, started daemon 140330674419456)>
  File "/usr/lib64/python3.6/threading.py", line 916, in _bootstrap_inner
    self.run()
    â”‚    â”” <function Thread.run at 0x7fa159b48598>
    â”” <Thread(Thread-253, started daemon 140330674419456)>
  File "/usr/lib64/python3.6/threading.py", line 864, in run
    self._target(*self._args, **self._kwargs)
    â”‚    â”‚        â”‚    â”‚        â”‚    â”” {}
    â”‚    â”‚        â”‚    â”‚        â”” <Thread(Thread-253, started daemon 140330674419456)>
    â”‚    â”‚        â”‚    â”” (<socket.socket fd=4, family=AddressFamily.AF_INET, type=SocketKind.SOCK_STREAM, proto=0, laddr=('127.0.0.1', 6000), raddr=('...
    â”‚    â”‚        â”” <Thread(Thread-253, started daemon 140330674419456)>
    â”‚    â”” <bound method ThreadingMixIn.process_request_thread of <werkzeug.serving.ThreadedWSGIServer object at 0x7fa14e071828>>
    â”” <Thread(Thread-253, started daemon 140330674419456)>
  File "/usr/lib64/python3.6/socketserver.py", line 654, in process_request_thread
    self.finish_request(request, client_address)
    â”‚    â”‚              â”‚        â”” ('127.0.0.1', 57890)
    â”‚    â”‚              â”” <socket.socket fd=4, family=AddressFamily.AF_INET, type=SocketKind.SOCK_STREAM, proto=0, laddr=('127.0.0.1', 6000), raddr=('1...
    â”‚    â”” <function BaseServer.finish_request at 0x7fa150552950>
    â”” <werkzeug.serving.ThreadedWSGIServer object at 0x7fa14e071828>
  File "/usr/lib64/python3.6/socketserver.py", line 364, in finish_request
    self.RequestHandlerClass(request, client_address, self)
    â”‚    â”‚                   â”‚        â”‚               â”” <werkzeug.serving.ThreadedWSGIServer object at 0x7fa14e071828>
    â”‚    â”‚                   â”‚        â”” ('127.0.0.1', 57890)
    â”‚    â”‚                   â”” <socket.socket fd=4, family=AddressFamily.AF_INET, type=SocketKind.SOCK_STREAM, proto=0, laddr=('127.0.0.1', 6000), raddr=('1...
    â”‚    â”” <class 'werkzeug.serving.WSGIRequestHandler'>
    â”” <werkzeug.serving.ThreadedWSGIServer object at 0x7fa14e071828>
  File "/usr/lib64/python3.6/socketserver.py", line 724, in __init__
    self.handle()
    â”‚    â”” <function WSGIRequestHandler.handle at 0x7fa1501c66a8>
    â”” <werkzeug.serving.WSGIRequestHandler object at 0x7fa1441f2160>

  File "[32m/usr/local/lib/python3.6/site-packages/werkzeug/[0m[32m[1mserving.py[0m", line [33m345[0m, in [35mhandle[0m
    [1mBaseHTTPRequestHandler[0m[35m[1m.[0m[1mhandle[0m[1m([0m[1mself[0m[1m)[0m
    [36mâ”‚                      â”‚      â”” [0m[36m[1m<werkzeug.serving.WSGIRequestHandler object at 0x7fa1441f2160>[0m
    [36mâ”‚                      â”” [0m[36m[1m<function BaseHTTPRequestHandler.handle at 0x7fa1502ab2f0>[0m
    [36mâ”” [0m[36m[1m<class 'http.server.BaseHTTPRequestHandler'>[0m

  File "/usr/lib64/python3.6/http/server.py", line 418, in handle
    self.handle_one_request()
    â”‚    â”” <function WSGIRequestHandler.handle_one_request at 0x7fa1501c6840>
    â”” <werkzeug.serving.WSGIRequestHandler object at 0x7fa1441f2160>

  File "[32m/usr/local/lib/python3.6/site-packages/werkzeug/[0m[32m[1mserving.py[0m", line [33m379[0m, in [35mhandle_one_request[0m
    [35m[1mreturn[0m [1mself[0m[35m[1m.[0m[1mrun_wsgi[0m[1m([0m[1m)[0m
    [36m       â”‚    â”” [0m[36m[1m<function WSGIRequestHandler.run_wsgi at 0x7fa1501c6620>[0m
    [36m       â”” [0m[36m[1m<werkzeug.serving.WSGIRequestHandler object at 0x7fa1441f2160>[0m

  File "[32m/usr/local/lib/python3.6/site-packages/werkzeug/[0m[32m[1mserving.py[0m", line [33m323[0m, in [35mrun_wsgi[0m
    [1mexecute[0m[1m([0m[1mself[0m[35m[1m.[0m[1mserver[0m[35m[1m.[0m[1mapp[0m[1m)[0m
    [36mâ”‚       â”‚    â”‚      â”” [0m[36m[1m<werkzeug.debug.DebuggedApplication object at 0x7fa14e09bac8>[0m
    [36mâ”‚       â”‚    â”” [0m[36m[1m<werkzeug.serving.ThreadedWSGIServer object at 0x7fa14e071828>[0m
    [36mâ”‚       â”” [0m[36m[1m<werkzeug.serving.WSGIRequestHandler object at 0x7fa1441f2160>[0m
    [36mâ”” [0m[36m[1m<function WSGIRequestHandler.run_wsgi.<locals>.execute at 0x7fa13f750950>[0m

  File "[32m/usr/local/lib/python3.6/site-packages/werkzeug/[0m[32m[1mserving.py[0m", line [33m314[0m, in [35mexecute[0m
    [35m[1mfor[0m [1mdata[0m [35m[1min[0m [1mapplication_iter[0m[1m:[0m
    [36m            â”” [0m[36m[1m<generator object DebuggedApplication.debug_application at 0x7fa1441e6258>[0m

  File "[32m/usr/local/lib/python3.6/site-packages/werkzeug/debug/[0m[32m[1m__init__.py[0m", line [33m304[0m, in [35mdebug_application[0m
    [1mapp_iter[0m [35m[1m=[0m [1mself[0m[35m[1m.[0m[1mapp[0m[1m([0m[1menviron[0m[1m,[0m [1mstart_response[0m[1m)[0m
    [36m           â”‚    â”‚   â”‚        â”” [0m[36m[1m<function WSGIRequestHandler.run_wsgi.<locals>.start_response at 0x7fa14c664510>[0m
    [36m           â”‚    â”‚   â”” [0m[36m[1m{'wsgi.version': (1, 0), 'wsgi.url_scheme': 'http', 'wsgi.input': <_io.BufferedReader name=4>, 'wsgi.errors': <_io.TextIOWrap...[0m
    [36m           â”‚    â”” [0m[36m[1m<Flask 'fees'>[0m
    [36m           â”” [0m[36m[1m<werkzeug.debug.DebuggedApplication object at 0x7fa14e09bac8>[0m

  File "[32m/usr/local/lib64/python3.6/site-packages/flask/[0m[32m[1mapp.py[0m", line [33m2464[0m, in [35m__call__[0m
    [35m[1mreturn[0m [1mself[0m[35m[1m.[0m[1mwsgi_app[0m[1m([0m[1menviron[0m[1m,[0m [1mstart_response[0m[1m)[0m
    [36m       â”‚    â”‚        â”‚        â”” [0m[36m[1m<function WSGIRequestHandler.run_wsgi.<locals>.start_response at 0x7fa14c664510>[0m
    [36m       â”‚    â”‚        â”” [0m[36m[1m{'wsgi.version': (1, 0), 'wsgi.url_scheme': 'http', 'wsgi.input': <_io.BufferedReader name=4>, 'wsgi.errors': <_io.TextIOWrap...[0m
    [36m       â”‚    â”” [0m[36m[1m<function Flask.wsgi_app at 0x7fa14f9b4378>[0m
    [36m       â”” [0m[36m[1m<Flask 'fees'>[0m

  File "[32m/usr/local/lib64/python3.6/site-packages/flask/[0m[32m[1mapp.py[0m", line [33m2447[0m, in [35mwsgi_app[0m
    [1mresponse[0m [35m[1m=[0m [1mself[0m[35m[1m.[0m[1mfull_dispatch_request[0m[1m([0m[1m)[0m
    [36m           â”‚    â”” [0m[36m[1m<function Flask.full_dispatch_request at 0x7fa14f9b2a60>[0m
    [36m           â”” [0m[36m[1m<Flask 'fees'>[0m

  File "[32m/usr/local/lib64/python3.6/site-packages/flask/[0m[32m[1mapp.py[0m", line [33m1950[0m, in [35mfull_dispatch_request[0m
    [1mrv[0m [35m[1m=[0m [1mself[0m[35m[1m.[0m[1mdispatch_request[0m[1m([0m[1m)[0m
    [36m     â”‚    â”” [0m[36m[1m<function Flask.dispatch_request at 0x7fa14f9b29d8>[0m
    [36m     â”” [0m[36m[1m<Flask 'fees'>[0m

  File "[32m/usr/local/lib64/python3.6/site-packages/flask/[0m[32m[1mapp.py[0m", line [33m1936[0m, in [35mdispatch_request[0m
    [35m[1mreturn[0m [1mself[0m[35m[1m.[0m[1mview_functions[0m[1m[[0m[1mrule[0m[35m[1m.[0m[1mendpoint[0m[1m][0m[1m([0m[35m[1m**[0m[1mreq[0m[35m[1m.[0m[1mview_args[0m[1m)[0m
    [36m       â”‚    â”‚              â”‚    â”‚           â”‚   â”” [0m[36m[1m{}[0m
    [36m       â”‚    â”‚              â”‚    â”‚           â”” [0m[36m[1m<Request 'http://127.0.0.1:6000/finance/getrewardleft' [GET]>[0m
    [36m       â”‚    â”‚              â”‚    â”” [0m[36m[1m'rewardfun'[0m
    [36m       â”‚    â”‚              â”” [0m[36m[1m<Rule '/finance/getrewardleft' (GET, PUT, HEAD, POST, OPTIONS) -> rewardfun>[0m
    [36m       â”‚    â”” [0m[36m[1m{'static': <bound method _PackageBoundObject.send_static_file of <Flask 'fees'>>, 'hello_world': <function hello_world at 0x7...[0m
    [36m       â”” [0m[36m[1m<Flask 'fees'>[0m

> File "[32m/root/yangming/gtdgolangserver/src/github.com/gtdgolangserver/models/finance/[0m[32m[1mfees.py[0m", line [33m301[0m, in [35mrewardfun[0m
    [1mfinance[0m [35m[1m=[0m [1mrewardorpunishment[0m[1m([0m[1m)[0m
    [36m          â”” [0m[36m[1m<function rewardorpunishment at 0x7fa14e13d6a8>[0m

  File "[32m/root/yangming/gtdgolangserver/src/github.com/gtdgolangserver/models/finance/[0m[32m[1mfees.py[0m", line [33m169[0m, in [35mrewardorpunishment[0m
    [1mall[0m [35m[1m=[0m [1msession[0m[35m[1m.[0m[1mquery[0m[1m([0m[1mAccounting[0m[1m)[0m[35m[1m.[0m[1mfilter[0m[1m([0m[1mAccounting[0m[35m[1m.[0m[1memail[0m [35m[1m==[0m [1memail[0m[1m)[0m[35m[1m.[0m[1mfilter[0m[1m([0m[1mAccounting[0m[35m[1m.[0m[1mdate[0m[35m[1m.[0m[1min_[0m[1m([0m[1mdate[0m[1m)[0m[1m)[0m[35m[1m.[0m[1mall[0m[1m([0m[1m)[0m
    [36m      â”‚       â”‚     â”‚                  â”‚          â”‚        â”‚             â”‚          â”‚    â”‚   â”” [0m[36m[1m['200601', '200602', '200603', '200604', '200605', '200606', '200607', '200608', '200609', '200610', '200611', '200612', '200...[0m
    [36m      â”‚       â”‚     â”‚                  â”‚          â”‚        â”‚             â”‚          â”‚    â”” [0m[36m[1m<function ColumnOperators.in_ at 0x7fa14f849840>[0m
    [36m      â”‚       â”‚     â”‚                  â”‚          â”‚        â”‚             â”‚          â”” [0m[36m[1m<sqlalchemy.orm.attributes.InstrumentedAttribute object at 0x7fa14e130bf8>[0m
    [36m      â”‚       â”‚     â”‚                  â”‚          â”‚        â”‚             â”” [0m[36m[1m<class '__main__.Accounting'>[0m
    [36m      â”‚       â”‚     â”‚                  â”‚          â”‚        â”” [0m[36m[1m'yang756260386@gmail.com'[0m
    [36m      â”‚       â”‚     â”‚                  â”‚          â”” [0m[36m[1m<sqlalchemy.orm.attributes.InstrumentedAttribute object at 0x7fa14e130ba0>[0m
    [36m      â”‚       â”‚     â”‚                  â”” [0m[36m[1m<class '__main__.Accounting'>[0m
    [36m      â”‚       â”‚     â”” [0m[36m[1m<class '__main__.Accounting'>[0m
    [36m      â”‚       â”” [0m[36m[1m<function Session.query at 0x7fa14ee0e7b8>[0m
    [36m      â”” [0m[36m[1m<sqlalchemy.orm.session.Session object at 0x7fa13f5d6e10>[0m

  File "[32m/usr/local/lib64/python3.6/site-packages/sqlalchemy/orm/[0m[32m[1mquery.py[0m", line [33m3341[0m, in [35mall[0m
    [35m[1mreturn[0m [1mlist[0m[1m([0m[1mself[0m[1m)[0m
    [36m            â”” [0m[36m[1m<sqlalchemy.orm.query.Query object at 0x7fa14422df98>[0m

  File "[32m/usr/local/lib64/python3.6/site-packages/sqlalchemy/orm/[0m[32m[1mquery.py[0m", line [33m3503[0m, in [35m__iter__[0m
    [35m[1mreturn[0m [1mself[0m[35m[1m.[0m[1m_execute_and_instances[0m[1m([0m[1mcontext[0m[1m)[0m
    [36m       â”‚    â”‚                      â”” [0m[36m[1m<sqlalchemy.orm.query.QueryContext object at 0x7fa14e0bd678>[0m
    [36m       â”‚    â”” [0m[36m[1m<function Query._execute_and_instances at 0x7fa155159840>[0m
    [36m       â”” [0m[36m[1m<sqlalchemy.orm.query.Query object at 0x7fa14422df98>[0m

  File "[32m/usr/local/lib64/python3.6/site-packages/sqlalchemy/orm/[0m[32m[1mquery.py[0m", line [33m3528[0m, in [35m_execute_and_instances[0m
    [1mresult[0m [35m[1m=[0m [1mconn[0m[35m[1m.[0m[1mexecute[0m[1m([0m[1mquerycontext[0m[35m[1m.[0m[1mstatement[0m[1m,[0m [1mself[0m[35m[1m.[0m[1m_params[0m[1m)[0m
    [36m         â”‚    â”‚       â”‚            â”‚          â”‚    â”” [0m[36m[1mimmutabledict({})[0m
    [36m         â”‚    â”‚       â”‚            â”‚          â”” [0m[36m[1m<sqlalchemy.orm.query.Query object at 0x7fa14422df98>[0m
    [36m         â”‚    â”‚       â”‚            â”” [0m[36m[1m<member 'statement' of 'QueryContext' objects>[0m
    [36m         â”‚    â”‚       â”” [0m[36m[1m<sqlalchemy.orm.query.QueryContext object at 0x7fa14e0bd678>[0m
    [36m         â”‚    â”” [0m[36m[1m<function Connection.execute at 0x7fa14f4122f0>[0m
    [36m         â”” [0m[36m[1m<sqlalchemy.engine.base.Connection object at 0x7fa14422d940>[0m

  File "[32m/usr/local/lib64/python3.6/site-packages/sqlalchemy/engine/[0m[32m[1mbase.py[0m", line [33m1014[0m, in [35mexecute[0m
    [35m[1mreturn[0m [1mmeth[0m[1m([0m[1mself[0m[1m,[0m [1mmultiparams[0m[1m,[0m [1mparams[0m[1m)[0m
    [36m       â”‚    â”‚     â”‚            â”” [0m[36m[1m{}[0m
    [36m       â”‚    â”‚     â”” [0m[36m[1m(immutabledict({}),)[0m
    [36m       â”‚    â”” [0m[36m[1m<sqlalchemy.engine.base.Connection object at 0x7fa14422d940>[0m
    [36m       â”” [0m[36m[1m<bound method ClauseElement._execute_on_connection of <sqlalchemy.sql.selectable.Select at 0x7fa144228908; Select object>>[0m

  File "[32m/usr/local/lib64/python3.6/site-packages/sqlalchemy/sql/[0m[32m[1melements.py[0m", line [33m298[0m, in [35m_execute_on_connection[0m
    [35m[1mreturn[0m [1mconnection[0m[35m[1m.[0m[1m_execute_clauseelement[0m[1m([0m[1mself[0m[1m,[0m [1mmultiparams[0m[1m,[0m [1mparams[0m[1m)[0m
    [36m       â”‚          â”‚                      â”‚     â”‚            â”” [0m[36m[1m{}[0m
    [36m       â”‚          â”‚                      â”‚     â”” [0m[36m[1m(immutabledict({}),)[0m
    [36m       â”‚          â”‚                      â”” [0m[36m[1m<sqlalchemy.sql.selectable.Select at 0x7fa144228908; Select object>[0m
    [36m       â”‚          â”” [0m[36m[1m<function Connection._execute_clauseelement at 0x7fa14f412510>[0m
    [36m       â”” [0m[36m[1m<sqlalchemy.engine.base.Connection object at 0x7fa14422d940>[0m

  File "[32m/usr/local/lib64/python3.6/site-packages/sqlalchemy/engine/[0m[32m[1mbase.py[0m", line [33m1133[0m, in [35m_execute_clauseelement[0m
    [1mdistilled_params[0m[1m,[0m
    [36mâ”” [0m[36m[1m[immutabledict({})][0m

  File "[32m/usr/local/lib64/python3.6/site-packages/sqlalchemy/engine/[0m[32m[1mbase.py[0m", line [33m1318[0m, in [35m_execute_context[0m
    [1me[0m[1m,[0m [1mstatement[0m[1m,[0m [1mparameters[0m[1m,[0m [1mcursor[0m[1m,[0m [1mcontext[0m
    [36m   â”‚          â”‚           â”‚       â”” [0m[36m[1m<sqlalchemy.dialects.mysql.mysqldb.MySQLExecutionContext_mysqldb object at 0x7fa14422d780>[0m
    [36m   â”‚          â”‚           â”” [0m[36m[1m<pymysql.cursors.Cursor object at 0x7fa14422d4e0>[0m
    [36m   â”‚          â”” [0m[36m[1m{'email_1': 'yang756260386@gmail.com', 'date_1': '200601', 'date_2': '200602', 'date_3': '200603', 'date_4': '200604', 'date_...[0m
    [36m   â”” [0m[36m[1m'SELECT accounting.id AS accounting_id, accounting.direction AS accounting_direction, accounting.record AS accounting_record,...[0m

  File "[32m/usr/local/lib64/python3.6/site-packages/sqlalchemy/engine/[0m[32m[1mbase.py[0m", line [33m1512[0m, in [35m_handle_dbapi_exception[0m
    [1msqlalchemy_exception[0m[1m,[0m [1mwith_traceback[0m[35m[1m=[0m[1mexc_info[0m[1m[[0m[34m[1m2[0m[1m][0m[1m,[0m [1mfrom_[0m[35m[1m=[0m[1me[0m
    [36mâ”‚                                    â”‚                  â”” [0m[36m[1mOperationalError(2006, "MySQL server has gone away (BrokenPipeError(32, 'Broken pipe'))")[0m
    [36mâ”‚                                    â”” [0m[36m[1m(<class 'pymysql.err.OperationalError'>, OperationalError(2006, "MySQL server has gone away (BrokenPipeError(32, 'Broken pipe...[0m
    [36mâ”” [0m[36m[1mOperationalError('(pymysql.err.OperationalError) (2006, "MySQL server has gone away (BrokenPipeError(32, \'Broken pipe\'))")',)[0m

  File "[32m/usr/local/lib64/python3.6/site-packages/sqlalchemy/util/[0m[32m[1mcompat.py[0m", line [33m178[0m, in [35mraise_[0m
    [35m[1mraise[0m [1mexception[0m

  File "[32m/usr/local/lib64/python3.6/site-packages/sqlalchemy/engine/[0m[32m[1mbase.py[0m", line [33m1278[0m, in [35m_execute_context[0m
    [1mcursor[0m[1m,[0m [1mstatement[0m[1m,[0m [1mparameters[0m[1m,[0m [1mcontext[0m
    [36mâ”‚       â”‚          â”‚           â”” [0m[36m[1m<sqlalchemy.dialects.mysql.mysqldb.MySQLExecutionContext_mysqldb object at 0x7fa14422d780>[0m
    [36mâ”‚       â”‚          â”” [0m[36m[1m{'email_1': 'yang756260386@gmail.com', 'date_1': '200601', 'date_2': '200602', 'date_3': '200603', 'date_4': '200604', 'date_...[0m
    [36mâ”‚       â”” [0m[36m[1m'SELECT accounting.id AS accounting_id, accounting.direction AS accounting_direction, accounting.record AS accounting_record,...[0m
    [36mâ”” [0m[36m[1m<pymysql.cursors.Cursor object at 0x7fa14422d4e0>[0m

  File "[32m/usr/local/lib64/python3.6/site-packages/sqlalchemy/engine/[0m[32m[1mdefault.py[0m", line [33m593[0m, in [35mdo_execute[0m
    [1mcursor[0m[35m[1m.[0m[1mexecute[0m[1m([0m[1mstatement[0m[1m,[0m [1mparameters[0m[1m)[0m
    [36mâ”‚      â”‚       â”‚          â”” [0m[36m[1m{'email_1': 'yang756260386@gmail.com', 'date_1': '200601', 'date_2': '200602', 'date_3': '200603', 'date_4': '200604', 'date_...[0m
    [36mâ”‚      â”‚       â”” [0m[36m[1m'SELECT accounting.id AS accounting_id, accounting.direction AS accounting_direction, accounting.record AS accounting_record,...[0m
    [36mâ”‚      â”” [0m[36m[1m<function Cursor.execute at 0x7fa14e394e18>[0m
    [36mâ”” [0m[36m[1m<pymysql.cursors.Cursor object at 0x7fa14422d4e0>[0m

  File "[32m/usr/local/lib64/python3.6/site-packages/pymysql/[0m[32m[1mcursors.py[0m", line [33m170[0m, in [35mexecute[0m
    [1mresult[0m [35m[1m=[0m [1mself[0m[35m[1m.[0m[1m_query[0m[1m([0m[1mquery[0m[1m)[0m
    [36m         â”‚    â”‚      â”” [0m[36m[1m"SELECT accounting.id AS accounting_id, accounting.direction AS accounting_direction, accounting.record AS accounting_record,...[0m
    [36m         â”‚    â”” [0m[36m[1m<function Cursor._query at 0x7fa14e3a32f0>[0m
    [36m         â”” [0m[36m[1m<pymysql.cursors.Cursor object at 0x7fa14422d4e0>[0m

  File "[32m/usr/local/lib64/python3.6/site-packages/pymysql/[0m[32m[1mcursors.py[0m", line [33m328[0m, in [35m_query[0m
    [1mconn[0m[35m[1m.[0m[1mquery[0m[1m([0m[1mq[0m[1m)[0m
    [36mâ”‚    â”‚     â”” [0m[36m[1m"SELECT accounting.id AS accounting_id, accounting.direction AS accounting_direction, accounting.record AS accounting_record,...[0m
    [36mâ”‚    â”” [0m[36m[1m<function Connection.query at 0x7fa14e3b9620>[0m
    [36mâ”” [0m[36m[1m<pymysql.connections.Connection object at 0x7fa14c7617b8>[0m

  File "[32m/usr/local/lib64/python3.6/site-packages/pymysql/[0m[32m[1mconnections.py[0m", line [33m516[0m, in [35mquery[0m
    [1mself[0m[35m[1m.[0m[1m_execute_command[0m[1m([0m[1mCOMMAND[0m[35m[1m.[0m[1mCOM_QUERY[0m[1m,[0m [1msql[0m[1m)[0m
    [36mâ”‚    â”‚                â”‚       â”‚          â”” [0m[36m[1mb"SELECT accounting.id AS accounting_id, accounting.direction AS accounting_direction, accounting.record AS accounting_record...[0m
    [36mâ”‚    â”‚                â”‚       â”” [0m[36m[1m3[0m
    [36mâ”‚    â”‚                â”” [0m[36m[1m<module 'pymysql.constants.COMMAND' from '/usr/local/lib64/python3.6/site-packages/pymysql/constants/COMMAND.py'>[0m
    [36mâ”‚    â”” [0m[36m[1m<function Connection._execute_command at 0x7fa14e3b9d08>[0m
    [36mâ”” [0m[36m[1m<pymysql.connections.Connection object at 0x7fa14c7617b8>[0m

  File "[32m/usr/local/lib64/python3.6/site-packages/pymysql/[0m[32m[1mconnections.py[0m", line [33m771[0m, in [35m_execute_command[0m
    [1mself[0m[35m[1m.[0m[1m_write_bytes[0m[1m([0m[1mpacket[0m[1m)[0m
    [36mâ”‚    â”‚            â”” [0m[36m[1mb"\xa7\x03\x00\x00\x03SELECT accounting.id AS accounting_id, accounting.direction AS accounting_direction, accounting.record ...[0m
    [36mâ”‚    â”” [0m[36m[1m<function Connection._write_bytes at 0x7fa14e3b9b70>[0m
    [36mâ”” [0m[36m[1m<pymysql.connections.Connection object at 0x7fa14c7617b8>[0m

  File "[32m/usr/local/lib64/python3.6/site-packages/pymysql/[0m[32m[1mconnections.py[0m", line [33m718[0m, in [35m_write_bytes[0m
    [36m"MySQL server has gone away (%r)"[0m [35m[1m%[0m [1m([0m[1me[0m[1m,[0m[1m)[0m[1m)[0m

[31m[1msqlalchemy.exc.OperationalError[0m:[1m (pymysql.err.OperationalError) (2006, "MySQL server has gone away (BrokenPipeError(32, 'Broken pipe'))")
[SQL: SELECT accounting.id AS accounting_id, accounting.direction AS accounting_direction, accounting.record AS accounting_record, accounting.email AS accounting_email, accounting.date AS accounting_date, accounting.fee AS accounting_fee 
FROM accounting 
WHERE accounting.email = %(email_1)s AND accounting.date IN (%(date_1)s, %(date_2)s, %(date_3)s, %(date_4)s, %(date_5)s, %(date_6)s, %(date_7)s, %(date_8)s, %(date_9)s, %(date_10)s, %(date_11)s, %(date_12)s, %(date_13)s, %(date_14)s, %(date_15)s, %(date_16)s, %(date_17)s, %(date_18)s, %(date_19)s, %(date_20)s, %(date_21)s, %(date_22)s, %(date_23)s, %(date_24)s, %(date_25)s, %(date_26)s, %(date_27)s, %(date_28)s, %(date_29)s, %(date_30)s, %(date_31)s, %(date_32)s, %(date_33)s, %(date_34)s, %(date_35)s, %(date_36)s, %(date_37)s, %(date_38)s, %(date_39)s, %(date_40)s, %(date_41)s, %(date_42)s, %(date_43)s, %(date_44)s, %(date_45)s, %(date_46)s, %(date_47)s, %(date_48)s, %(date_49)s, %(date_50)s, %(date_51)s, %(date_52)s, %(date_53)s, %(date_54)s, %(date_55)s, %(date_56)s, %(date_57)s, %(date_58)s, %(date_59)s, %(date_60)s, %(date_61)s)]
[parameters: {'email_1': 'yang756260386@gmail.com', 'date_1': '200601', 'date_2': '200602', 'date_3': '200603', 'date_4': '200604', 'date_5': '200605', 'date_6': '200606', 'date_7': '200607', 'date_8': '200608', 'date_9': '200609', 'date_10': '200610', 'date_11': '200611', 'date_12': '200612', 'date_13': '200613', 'date_14': '200614', 'date_15': '200615', 'date_16': '200616', 'date_17': '200617', 'date_18': '200618', 'date_19': '200619', 'date_20': '200620', 'date_21': '200621', 'date_22': '200622', 'date_23': '200623', 'date_24': '200624', 'date_25': '200625', 'date_26': '200626', 'date_27': '200627', 'date_28': '200628', 'date_29': '200629', 'date_30': '200630', 'date_31': '200701', 'date_32': '200702', 'date_33': '200703', 'date_34': '200704', 'date_35': '200705', 'date_36': '200706', 'date_37': '200707', 'date_38': '200708', 'date_39': '200709', 'date_40': '200710', 'date_41': '200711', 'date_42': '200712', 'date_43': '200713', 'date_44': '200714', 'date_45': '200715', 'date_46': '200716', 'date_47': '200717', 'date_48': '200718', 'date_49': '200719', 'date_50': '200720', 'date_51': '200721', 'date_52': '200722', 'date_53': '200723', 'date_54': '200724', 'date_55': '200725', 'date_56': '200726', 'date_57': '200727', 'date_58': '200728', 'date_59': '200729', 'date_60': '200730', 'date_61': '200731'}]
(Background on this error at: http://sqlalche.me/e/13/e3q8)[0m
